CPEN 431 EVALUATION test Client
Time: Sat Mar 16 10:13:03 UTC 2019
Build Date: Fri Mar 15 00:40:23 UTC 2019
Java process ID: 11431
Assignment ID: 10
Client Version: 1

[Info] A10 client running in SUBMIT mode.

[Info] Starting A10 Tests

[Info] Correct submission information.
[Info] Checking if the test client is running on AWS
[Info] Detected instance type: c5.large

[Info] Done building nodes' list.

Checking that the used nodes are not duplicated

Checking that the used nodes are on planet Lab
[Test isAlive] for 127.0.0.1:43100
Sending GETPID to all servers... 
[Info] Server node 127.0.0.1 has process ID 11414.
[ ... Completed in 0.003 seconds ]
[OK]
Sending GetMembershipCount to all servers... 
[Info] Server 127.0.0.1:43100 replied with membership count = 1 (expected count = 1)
[ ... Completed in 0.003 seconds ]
[Ok] All servers returned the expected membership count (1)
Sending WIPE-OUT to all servers...
[ ... Completed in 0.019 seconds ]
[OK]

[ TEST Basic PUT/GET (PUT -> GET). Value Length = 8 Bytes ]
TEST_PASSED

[ TEST Basic PUT/GET (PUT -> GET). Value Length = 32 Bytes ]
TEST_PASSED

[ TEST Basic PUT/GET (PUT -> GET). Value Length = 2048 Bytes ]
TEST_PASSED

[ TEST Basic PUT/GET (PUT -> GET). Value Length = 10000 Bytes ]
TEST_PASSED


[ TEST Basic KVS with message version (PUT Version 1 -> GET -> PUT Version 2 -> GET). Value Length = 8 Bytes ]
TEST_PASSED


[ TEST Basic KVS with message version (PUT Version 1 -> GET -> PUT Version 2 -> GET). Value Length = 32 Bytes ]
TEST_PASSED


[ TEST Basic KVS with message version (PUT Version 1 -> GET -> PUT Version 2 -> GET). Value Length = 2048 Bytes ]
TEST_PASSED


[ TEST Basic KVS with message version (PUT Version 1 -> GET -> PUT Version 2 -> GET). Value Length = 10000 Bytes ]
TEST_PASSED

[ TEST Basic REMOVE (PUT -> GET -> REM -> GET). Value Length = 32 Bytes. ]
TEST_PASSED

[ TEST Double remove (PUT -> REM -> REM). Value Length = 32 Bytes. ]
TEST_PASSED

[ TEST Invalid Command. ]
TEST_PASSED

[ TEST At-Most-Once Client Policy (PUT -> REM -> REM). Value length =  32 Bytes ]
TEST_PASSED

[ TEST At-Most-Once Client Policy Empty REMs (EMPTY -> REM -> REM) ]
TEST_PASSED

[ TEST At-Most-Once Client Policy Error Return Code (REM -> PUT -> REM) ]
TEST_PASSED

[TEST Invalid Key ]
TEST_PASSED

[TEST Invalid Value ]
TEST_PASSED

[ TEST Single Front-End Performance (1 clients, 60.0 seconds): PUT -> GET (closed loop) ]
Test time limit reached: 60.0s.
Test completed after 415725 closed loops.
Warning: PUT failed!
Status: ERROR_KVS
Error Code: ERROR_OUT_OF_SPACE
Warning: PUT failed!
Status: ERROR_KVS
Error Code: ERROR_OUT_OF_SPACE
Warning: PUT failed!
Status: ERROR_KVS
Error Code: ERROR_OUT_OF_SPACE
Warning: PUT failed!
Status: ERROR_KVS
Error Code: ERROR_OUT_OF_SPACE
Warning: PUT failed!
Status: ERROR_KVS
Error Code: ERROR_OUT_OF_SPACE
Warning: PUT failed!
Status: ERROR_KVS
Error Code: ERROR_OUT_OF_SPACE
Warning: PUT failed!
Status: ERROR_KVS
Error Code: ERROR_OUT_OF_SPACE
Warning: PUT failed!
Status: ERROR_KVS
Error Code: ERROR_OUT_OF_SPACE
Warning: PUT failed!
Status: ERROR_KVS
Error Code: ERROR_OUT_OF_SPACE
Warning: PUT failed!
Status: ERROR_KVS
Error Code: ERROR_OUT_OF_SPACE
Warning: PUT failed!
Status: ERROR_KVS
Error Code: ERROR_OUT_OF_SPACE
Warning: PUT failed!
Status: ERROR_KVS
Error Code: ERROR_OUT_OF_SPACE
Warning: PUT failed!
Status: ERROR_KVS
Error Code: ERROR_OUT_OF_SPACE
Warning: PUT failed!
Status: ERROR_KVS
Error Code: ERROR_OUT_OF_SPACE
Warning: PUT failed!
Status: ERROR_KVS
Error Code: ERROR_OUT_OF_SPACE
Warning: PUT failed!
Status: ERROR_KVS
Error Code: ERROR_OUT_OF_SPACE
Warning: PUT failed!
Status: ERROR_KVS
Error Code: ERROR_OUT_OF_SPACE
Warning: PUT failed!
Status: ERROR_KVS
Error Code: ERROR_OUT_OF_SPACE
Warning: PUT failed!
Status: ERROR_KVS
Error Code: ERROR_OUT_OF_SPACE
Warning: PUT failed!
Status: ERROR_KVS
Error Code: ERROR_OUT_OF_SPACE
Warning: PUT failed!
Status: ERROR_KVS
Error Code: ERROR_OUT_OF_SPACE
Warning: PUT failed!
Status: ERROR_KVS
Error Code: ERROR_OUT_OF_SPACE
Warning: PUT failed!
Status: ERROR_KVS
Error Code: ERROR_OUT_OF_SPACE
Warning: PUT failed!
Status: ERROR_KVS
Error Code: ERROR_OUT_OF_SPACE
Warning: PUT failed!
Status: ERROR_KVS
Error Code: ERROR_OUT_OF_SPACE
Warning: PUT failed!
Status: ERROR_KVS
Error Code: ERROR_OUT_OF_SPACE
Warning: PUT failed!
Status: ERROR_KVS
Error Code: ERROR_OUT_OF_SPACE
Warning: PUT failed!
Status: ERROR_KVS
Error Code: ERROR_OUT_OF_SPACE
Warning: PUT failed!
Status: ERROR_KVS
Error Code: ERROR_OUT_OF_SPACE
Warning: PUT failed!
Status: ERROR_KVS
Error Code: ERROR_OUT_OF_SPACE
Warning: PUT failed!
Status: ERROR_KVS
Error Code: ERROR_OUT_OF_SPACE
Warning: PUT failed!
Status: ERROR_KVS
Error Code: ERROR_OUT_OF_SPACE
Warning: PUT failed!
Status: ERROR_KVS
Error Code: ERROR_OUT_OF_SPACE
Warning: PUT failed!
Status: ERROR_KVS
Error Code: ERROR_OUT_OF_SPACE
Warning: PUT failed!
Status: ERROR_KVS
Error Code: ERROR_OUT_OF_SPACE
Warning: PUT failed!
Status: ERROR_KVS
Error Code: ERROR_OUT_OF_SPACE
Warning: PUT failed!
Status: ERROR_KVS
Error Code: ERROR_OUT_OF_SPACE
Warning: PUT failed!
Status: ERROR_KVS
Error Code: ERROR_OUT_OF_SPACE
Warning: PUT failed!
Status: ERROR_KVS
Error Code: ERROR_OUT_OF_SPACE
Warning: PUT failed!
Status: ERROR_KVS
Error Code: ERROR_OUT_OF_SPACE
Warning: PUT failed!
Status: ERROR_KVS
Error Code: ERROR_OUT_OF_SPACE
Warning: PUT failed!
Status: ERROR_KVS
Error Code: ERROR_OUT_OF_SPACE
Warning: PUT failed!
Status: ERROR_KVS
Error Code: ERROR_OUT_OF_SPACE
[Test isAlive] for 127.0.0.1:43100
[ ... Completed in 0.001 seconds ]
Local Single node: Test Status: TEST_PASSED
Clients: 1
Total Requests (without replies): 831406
Total Requests (including replies): 831406
Successful Responses: 831363
Timeout Responses: 0
Total Failed Responses: 43
% Success: 99.99482803828695
% Timeout: 0.0
% Failed: 0.005171961713049942
Response Time (Successful requests):
[max] 11ms, [min] 0ms
[avg] 0.03344868607335183 ms, [stdev] 0.1878917290699517ms
Throughput: 13856.535724404594 requests per second
Goodput: 13855.819069682171 requests per second
Retry Rate (Successful requests): 1.0
Sending WIPE-OUT to all servers...
[ ... Completed in 0.017 seconds ]
[OK]
[ ... TEST Completed in 60.472 seconds ]

[ TEST Single Front-End Performance (16 clients, 60.0 seconds): PUT -> GET (closed loop) ]
Test time limit reached: 60.0s.
Test completed after 35919 closed loops.
Test time limit reached: 60.0s.
Test completed after 35894 closed loops.
Test time limit reached: 60.0s.
Test completed after 35733 closed loops.
Test time limit reached: 60.0s.
Test completed after 35768 closed loops.
Test time limit reached: 60.0s.
Test completed after 35987 closed loops.
Test time limit reached: 60.0s.
Test completed after 35769 closed loops.
Test time limit reached: 60.0s.
Test time limit reached: 60.0s.
Test completed after 36083 closed loops.
Test time limit reached: 60.0s.
Test completed after 35705 closed loops.
Test time limit reached: 60.0s.
Test completed after 35616 closed loops.
Test time limit reached: 60.0s.
Test completed after 35688 closed loops.
Test time limit reached: 60.0s.
Test time limit reached: 60.0s.
Test completed after 35885 closed loops.
Test time limit reached: 60.0s.
Test completed after 35740 closed loops.
Test time limit reached: 60.0s.
Test completed after 35928 closed loops.
Test time limit reached: 60.0s.
Test completed after 35932 closed loops.
Test completed after 35953 closed loops.
Test completed after 35718 closed loops.
Warning: PUT failed!
Status: ERROR_KVS
Error Code: ERROR_OUT_OF_SPACE
Warning: PUT failed!
Status: ERROR_KVS
Error Code: ERROR_OUT_OF_SPACE
Warning: PUT failed!
Status: ERROR_KVS
Error Code: ERROR_OUT_OF_SPACE
Warning: PUT failed!
Status: ERROR_KVS
Error Code: ERROR_OUT_OF_SPACE
Warning: PUT failed!
Status: ERROR_KVS
Error Code: ERROR_OUT_OF_SPACE
Warning: PUT failed!
Status: ERROR_KVS
Error Code: ERROR_OUT_OF_SPACE
Warning: PUT failed!
Status: ERROR_KVS
Error Code: ERROR_OUT_OF_SPACE
Warning: PUT failed!
Status: ERROR_KVS
Error Code: ERROR_OUT_OF_SPACE
Warning: PUT failed!
Status: ERROR_KVS
Error Code: ERROR_OUT_OF_SPACE
Warning: PUT failed!
Status: ERROR_KVS
Error Code: ERROR_OUT_OF_SPACE
Warning: PUT failed!
Status: ERROR_KVS
Error Code: ERROR_OUT_OF_SPACE
Warning: PUT failed!
Status: ERROR_KVS
Error Code: ERROR_OUT_OF_SPACE
Warning: PUT failed!
Status: ERROR_KVS
Error Code: ERROR_OUT_OF_SPACE
Warning: PUT failed!
Status: ERROR_KVS
Error Code: ERROR_OUT_OF_SPACE
Warning: PUT failed!
Status: ERROR_KVS
Error Code: ERROR_OUT_OF_SPACE
Warning: PUT failed!
Status: ERROR_KVS
Error Code: ERROR_OUT_OF_SPACE
Warning: PUT failed!
Status: ERROR_KVS
Error Code: ERROR_OUT_OF_SPACE
Warning: PUT failed!
Status: ERROR_KVS
Error Code: ERROR_OUT_OF_SPACE
Warning: PUT failed!
Status: ERROR_KVS
Error Code: ERROR_OUT_OF_SPACE
Warning: PUT failed!
Status: ERROR_KVS
Error Code: ERROR_OUT_OF_SPACE
Warning: PUT failed!
Status: ERROR_KVS
Error Code: ERROR_OUT_OF_SPACE
Warning: PUT failed!
Status: ERROR_KVS
Error Code: ERROR_OUT_OF_SPACE
Warning: PUT failed!
Status: ERROR_KVS
Error Code: ERROR_OUT_OF_SPACE
Warning: PUT failed!
Status: ERROR_KVS
Error Code: ERROR_OUT_OF_SPACE
Warning: PUT failed!
Status: ERROR_KVS
Error Code: ERROR_OUT_OF_SPACE
Warning: PUT failed!
Status: ERROR_KVS
Error Code: ERROR_OUT_OF_SPACE
Warning: PUT failed!
Status: ERROR_KVS
Error Code: ERROR_OUT_OF_SPACE
Warning: PUT failed!
Status: ERROR_KVS
Error Code: ERROR_OUT_OF_SPACE
Warning: PUT failed!
Status: ERROR_KVS
Error Code: ERROR_OUT_OF_SPACE
Warning: PUT failed!
Status: ERROR_KVS
Error Code: ERROR_OUT_OF_SPACE
Warning: PUT failed!
Status: ERROR_KVS
Error Code: ERROR_OUT_OF_SPACE
Warning: PUT failed!
Status: ERROR_KVS
Error Code: ERROR_OUT_OF_SPACE
Warning: PUT failed!
Status: ERROR_KVS
Error Code: ERROR_OUT_OF_SPACE
Warning: PUT failed!
Status: ERROR_KVS
Error Code: ERROR_OUT_OF_SPACE
Warning: PUT failed!
Status: ERROR_KVS
Error Code: ERROR_OUT_OF_SPACE
Warning: PUT failed!
Status: ERROR_KVS
Error Code: ERROR_OUT_OF_SPACE
Warning: PUT failed!
Status: ERROR_KVS
Error Code: ERROR_OUT_OF_SPACE
Warning: PUT failed!
Status: ERROR_KVS
Error Code: ERROR_OUT_OF_SPACE
Warning: PUT failed!
Status: ERROR_KVS
Error Code: ERROR_OUT_OF_SPACE
Warning: PUT failed!
Status: ERROR_KVS
Error Code: ERROR_OUT_OF_SPACE
Warning: PUT failed!
Status: ERROR_KVS
Error Code: ERROR_OUT_OF_SPACE
Warning: PUT failed!
Status: ERROR_KVS
Error Code: ERROR_OUT_OF_SPACE
Warning: PUT failed!
Status: ERROR_KVS
Error Code: ERROR_OUT_OF_SPACE
Warning: PUT failed!
Status: ERROR_KVS
Error Code: ERROR_OUT_OF_SPACE
Warning: PUT failed!
Status: ERROR_KVS
Error Code: ERROR_OUT_OF_SPACE
Warning: PUT failed!
Status: ERROR_KVS
Error Code: ERROR_OUT_OF_SPACE
Warning: PUT failed!
Status: ERROR_KVS
Error Code: ERROR_OUT_OF_SPACE
Warning: PUT failed!
Status: ERROR_KVS
Error Code: ERROR_OUT_OF_SPACE
Warning: PUT failed!
Status: ERROR_KVS
Error Code: ERROR_OUT_OF_SPACE
Warning: PUT failed!
Status: ERROR_KVS
Error Code: ERROR_OUT_OF_SPACE
Warning: PUT failed!
Status: ERROR_KVS
Error Code: ERROR_OUT_OF_SPACE
Warning: PUT failed!
Status: ERROR_KVS
Error Code: ERROR_OUT_OF_SPACE
Warning: PUT failed!
Status: ERROR_KVS
Error Code: ERROR_OUT_OF_SPACE
Warning: PUT failed!
Status: ERROR_KVS
Error Code: ERROR_OUT_OF_SPACE
Warning: PUT failed!
Status: ERROR_KVS
Error Code: ERROR_OUT_OF_SPACE
Warning: PUT failed!
Status: ERROR_KVS
Error Code: ERROR_OUT_OF_SPACE
[Test isAlive] for 127.0.0.1:43100
[ ... Completed in 0.0 seconds ]
Local Single node: Test Status: TEST_PASSED
Clients: 16
Total Requests (without replies): 1146572
Total Requests (including replies): 1146572
Successful Responses: 1146516
Timeout Responses: 0
Total Failed Responses: 56
% Success: 99.99511587584557
% Timeout: 0.0
% Failed: 0.004884124154436006
Response Time (Successful requests):
[max] 670ms, [min] 0ms
[avg] 0.7803606752980333 ms, [stdev] 6.395400522814764ms
Throughput: 19108.577904438112 requests per second
Goodput: 19107.64461776911 requests per second
Retry Rate (Successful requests): 1.0
Sending WIPE-OUT to all servers...
[ ... Completed in 0.017 seconds ]
[OK]
[ ... TEST Completed in 60.519 seconds ]

[ TEST Single Front-End Performance (64 clients, 60.0 seconds): PUT -> GET (closed loop) ]
Test time limit reached: 60.0s.
Test completed after 8804 closed loops.
Test time limit reached: 60.0s.
Test completed after 8856 closed loops.
Test time limit reached: 60.0s.
Test completed after 8847 closed loops.
Test time limit reached: 60.0s.
Test completed after 8810 closed loops.
Test time limit reached: 60.0s.
Test completed after 8846 closed loops.
Test time limit reached: 60.0s.
Test completed after 8831 closed loops.
Test time limit reached: 60.0s.
Test completed after 8867 closed loops.
Test time limit reached: 60.0s.
Test completed after 8827 closed loops.
Test time limit reached: 60.0s.
Test completed after 8807 closed loops.
Test time limit reached: 60.0s.
Test completed after 8833 closed loops.
Test time limit reached: 60.0s.
Test completed after 8809 closed loops.
Test time limit reached: 60.0s.
Test completed after 8835 closed loops.
Test time limit reached: 60.0s.
Test completed after 8818 closed loops.
Test time limit reached: 60.0s.
Test completed after 8812 closed loops.
Test time limit reached: 60.0s.
Test time limit reached: 60.0s.
Test completed after 8803 closed loops.
Test time limit reached: 60.0s.
Test completed after 8841 closed loops.
Test time limit reached: 60.0s.
Test completed after 8809 closed loops.
Test time limit reached: 60.0s.
Test completed after 8832 closed loops.
Test time limit reached: 60.0s.
Test completed after 8816 closed loops.
Test time limit reached: 60.0s.
Test completed after 8853 closed loops.
Test time limit reached: 60.0s.
Test completed after 8808 closed loops.
Test time limit reached: 60.0s.
Test completed after 8812 closed loops.
Test time limit reached: 60.0s.
Test completed after 8910 closed loops.
Test time limit reached: 60.0s.
Test completed after 8805 closed loops.
Test time limit reached: 60.0s.
Test time limit reached: 60.0s.
Test completed after 8809 closed loops.
Test time limit reached: 60.0s.
Test completed after 8819 closed loops.
Test time limit reached: 60.0s.
Test completed after 8835 closed loops.
Test time limit reached: 60.0s.
Test completed after 8818 closed loops.
Test time limit reached: 60.0s.
Test completed after 8820 closed loops.
Test time limit reached: 60.0s.
Test time limit reached: 60.0s.
Test completed after 8954 closed loops.
Test time limit reached: 60.0s.
Test completed after 8815 closed loops.
Test time limit reached: 60.0s.
Test completed after 8810 closed loops.
Test time limit reached: 60.0s.
Test completed after 8831 closed loops.
Test time limit reached: 60.0s.
Test completed after 8829 closed loops.
Test time limit reached: 60.0s.
Test completed after 8851 closed loops.
Test time limit reached: 60.0s.
Test completed after 8864 closed loops.
Test time limit reached: 60.0s.
Test completed after 8822 closed loops.
Test time limit reached: 60.0s.
Test completed after 8804 closed loops.
Test time limit reached: 60.0s.
Test completed after 8828 closed loops.
Test time limit reached: 60.0s.
Test completed after 8844 closed loops.
Test time limit reached: 60.0s.
Test time limit reached: 60.0s.
Test completed after 8813 closed loops.
Test time limit reached: 60.0s.
Test completed after 8818 closed loops.
Test time limit reached: 60.0s.
Test completed after 8845 closed loops.
Test time limit reached: 60.0s.
Test completed after 8946 closed loops.
Test time limit reached: 60.0s.
Test completed after 8823 closed loops.
Test time limit reached: 60.0s.
Test completed after 8816 closed loops.
Test time limit reached: 60.0s.
Test completed after 8827 closed loops.
Test time limit reached: 60.0s.
Test completed after 8814 closed loops.
Test time limit reached: 60.0s.
Test completed after 8827 closed loops.
Test time limit reached: 60.0s.
Test completed after 8828 closed loops.
Test time limit reached: 60.0s.
Test completed after 8805 closed loops.
Test completed after 8808 closed loops.
Test time limit reached: 60.0s.
Test completed after 8795 closed loops.
Test time limit reached: 60.0s.
Test completed after 8799 closed loops.
Test completed after 8832 closed loops.
Test time limit reached: 60.0s.
Test completed after 8803 closed loops.
Test completed after 8869 closed loops.
Test time limit reached: 60.0s.
Test completed after 8815 closed loops.
Test time limit reached: 60.0s.
Test completed after 8897 closed loops.
Test completed after 8827 closed loops.
Test time limit reached: 60.0s.
Test completed after 8997 closed loops.
Test time limit reached: 60.0s.
Test completed after 8791 closed loops.
Test time limit reached: 60.0s.
Test completed after 8811 closed loops.
Test time limit reached: 60.0s.
Test completed after 8825 closed loops.
Warning: PUT failed!
Status: ERROR_KVS
Error Code: ERROR_OUT_OF_SPACE
Warning: PUT failed!
Status: ERROR_KVS
Error Code: ERROR_OUT_OF_SPACE
Warning: PUT failed!
Status: ERROR_KVS
Error Code: ERROR_OUT_OF_SPACE
Warning: PUT failed!
Status: ERROR_KVS
Error Code: ERROR_OUT_OF_SPACE
Warning: PUT failed!
Status: ERROR_KVS
Error Code: ERROR_OUT_OF_SPACE
Warning: PUT failed!
Status: ERROR_KVS
Error Code: ERROR_OUT_OF_SPACE
Warning: PUT failed!
Status: ERROR_KVS
Error Code: ERROR_OUT_OF_SPACE
Warning: PUT failed!
Status: ERROR_KVS
Error Code: ERROR_OUT_OF_SPACE
Warning: PUT failed!
Status: ERROR_KVS
Error Code: ERROR_OUT_OF_SPACE
Warning: PUT failed!
Status: ERROR_KVS
Error Code: ERROR_OUT_OF_SPACE
Warning: PUT failed!
Status: ERROR_KVS
Error Code: ERROR_OUT_OF_SPACE
Warning: PUT failed!
Status: ERROR_KVS
Error Code: ERROR_OUT_OF_SPACE
Warning: PUT failed!
Status: ERROR_KVS
Error Code: ERROR_OUT_OF_SPACE
Warning: PUT failed!
Status: ERROR_KVS
Error Code: ERROR_OUT_OF_SPACE
Warning: PUT failed!
Status: ERROR_KVS
Error Code: ERROR_OUT_OF_SPACE
Warning: PUT failed!
Status: ERROR_KVS
Error Code: ERROR_OUT_OF_SPACE
Warning: PUT failed!
Status: ERROR_KVS
Error Code: ERROR_OUT_OF_SPACE
Warning: PUT failed!
Status: ERROR_KVS
Error Code: ERROR_OUT_OF_SPACE
Warning: PUT failed!
Status: ERROR_KVS
Error Code: ERROR_OUT_OF_SPACE
Warning: PUT failed!
Status: ERROR_KVS
Error Code: ERROR_OUT_OF_SPACE
Warning: PUT failed!
Status: ERROR_KVS
Error Code: ERROR_OUT_OF_SPACE
Warning: PUT failed!
Status: ERROR_KVS
Error Code: ERROR_OUT_OF_SPACE
Warning: PUT failed!
Status: ERROR_KVS
Error Code: ERROR_OUT_OF_SPACE
Warning: PUT failed!
Status: ERROR_KVS
Error Code: ERROR_OUT_OF_SPACE
Warning: PUT failed!
Status: ERROR_KVS
Error Code: ERROR_OUT_OF_SPACE
Warning: PUT failed!
Status: ERROR_KVS
Error Code: ERROR_OUT_OF_SPACE
Warning: PUT failed!
Status: ERROR_KVS
Error Code: ERROR_OUT_OF_SPACE
Warning: PUT failed!
Status: ERROR_KVS
Error Code: ERROR_OUT_OF_SPACE
Warning: PUT failed!
Status: ERROR_KVS
Error Code: ERROR_OUT_OF_SPACE
Warning: PUT failed!
Status: ERROR_KVS
Error Code: ERROR_OUT_OF_SPACE
Warning: PUT failed!
Status: ERROR_KVS
Error Code: ERROR_OUT_OF_SPACE
Warning: PUT failed!
Status: ERROR_KVS
Error Code: ERROR_OUT_OF_SPACE
Warning: PUT failed!
Status: ERROR_KVS
Error Code: ERROR_OUT_OF_SPACE
Warning: PUT failed!
Status: ERROR_KVS
Error Code: ERROR_OUT_OF_SPACE
Warning: PUT failed!
Status: ERROR_KVS
Error Code: ERROR_OUT_OF_SPACE
Warning: PUT failed!
Status: ERROR_KVS
Error Code: ERROR_OUT_OF_SPACE
Warning: PUT failed!
Status: ERROR_KVS
Error Code: ERROR_OUT_OF_SPACE
Warning: PUT failed!
Status: ERROR_KVS
Error Code: ERROR_OUT_OF_SPACE
Warning: PUT failed!
Status: ERROR_KVS
Error Code: ERROR_OUT_OF_SPACE
Warning: PUT failed!
Status: ERROR_KVS
Error Code: ERROR_OUT_OF_SPACE
Warning: PUT failed!
Status: ERROR_KVS
Error Code: ERROR_OUT_OF_SPACE
Warning: PUT failed!
Status: ERROR_KVS
Error Code: ERROR_OUT_OF_SPACE
Warning: PUT failed!
Status: ERROR_KVS
Error Code: ERROR_OUT_OF_SPACE
Warning: PUT failed!
Status: ERROR_KVS
Error Code: ERROR_OUT_OF_SPACE
Warning: PUT failed!
Status: ERROR_KVS
Error Code: ERROR_OUT_OF_SPACE
Warning: PUT failed!
Status: ERROR_KVS
Error Code: ERROR_OUT_OF_SPACE
Warning: PUT failed!
Status: ERROR_KVS
Error Code: ERROR_OUT_OF_SPACE
Warning: PUT failed!
Status: ERROR_KVS
Error Code: ERROR_OUT_OF_SPACE
Warning: PUT failed!
Status: ERROR_KVS
Error Code: ERROR_OUT_OF_SPACE
Warning: PUT failed!
Status: ERROR_KVS
Error Code: ERROR_OUT_OF_SPACE
Warning: PUT failed!
Status: ERROR_KVS
Error Code: ERROR_OUT_OF_SPACE
Warning: PUT failed!
Status: ERROR_KVS
Error Code: ERROR_OUT_OF_SPACE
Warning: PUT failed!
Status: ERROR_KVS
Error Code: ERROR_OUT_OF_SPACE
Warning: PUT failed!
Status: ERROR_KVS
Error Code: ERROR_OUT_OF_SPACE
Warning: PUT failed!
Status: ERROR_KVS
Error Code: ERROR_OUT_OF_SPACE
Warning: PUT failed!
Status: ERROR_KVS
Error Code: ERROR_OUT_OF_SPACE
[Test isAlive] for 127.0.0.1:43100
[ ... Completed in 0.0 seconds ]
Local Single node: Test Status: TEST_PASSED
Clients: 64
Total Requests (without replies): 1130467
Total Requests (including replies): 1130467
Successful Responses: 1130411
Timeout Responses: 0
Total Failed Responses: 56
% Success: 99.99504629502674
% Timeout: 0.0
% Failed: 0.004953704973254416
Response Time (Successful requests):
[max] 379ms, [min] 0ms
[avg] 3.335153320341009 ms, [stdev] 11.45744458921504ms
Throughput: 18838.918792807504 requests per second
Goodput: 18837.98556835036 requests per second
Retry Rate (Successful requests): 1.0
Sending WIPE-OUT to all servers...
[ ... Completed in 0.011 seconds ]
[OK]
[ ... TEST Completed in 60.873 seconds ]

[ TEST Single Client Capacity (Value Size = 500 bytes, Limit = 146800 PUTs, ~69.99969482421875 MiB) : PUT -> GET (closed loop) ]
Sending WIPE-OUT to all servers...
[ ... Completed in 0.007 seconds ]
[OK]
ERROR_OUT_OF_SPACE
Received error code after 49715 closed loops (~23.70595932006836 MiB).
PUTs sent = 49715(~23.70595932006836 MiB) , Limit = 146800
[Test isAlive]
Test Passed. Server is ok.
TEST_PASSED
[Info] Shutting down local server(s)!
[Test isAlive] for 127.0.0.1:43100
[ ... Completed in 64.571 seconds ]
[Info] Local tests completed in 269.896 seconds
[Info] Finished tests for the local deployment!

[Info] The deployment has 20 server nodes.
Sending GET PID to all servers (v2) ... 
>>> Server node planetlab1.cs.ubc.ca has process ID 11757.
>>> Server node planetlab2.cs.ubc.ca has process ID 27841.
>>> Server node planetlab2.cs.unc.edu has process ID 7931.
>>> Server node planetlab-5.eecs.cwru.edu has process ID 20473.
>>> Server node planetlab2.pop-pa.rnp.br has process ID 10865.
>>> Server node plink.cs.uwaterloo.ca has process ID 25914.
>>> Server node node1.planetlab.albany.edu has process ID 8108.
>>> Server node planetlab1.temple.edu has process ID 10662.
>>> Server node salt.planetlab.cs.umd.edu has process ID 10185.
>>> Server node planetlab3.cs.uoregon.edu has process ID 24612.
>>> Server node planetlab02.cs.washington.edu has process ID 31628.
>>> Server node planetlab2.pop-mg.rnp.br has process ID 25689.
>>> Server node node2.planetlab.mathcs.emory.edu has process ID 21435.
>>> Server node planetlab2.citadel.edu has process ID 3033.
>>> Server node planetlab1.dtc.umn.edu has process ID 8427.
>>> Server node pl1.rcc.uottawa.ca has process ID 22423.
>>> Server node planetlab2.dtc.umn.edu has process ID 5275.
>>> Server node node1.planetlab.mathcs.emory.edu has process ID 2922.
>>> Server node planetlab-2.calpoly-netlab.net has process ID 2421.
>>> Server node planetlab1.cs.uoregon.edu has process ID 20259.
[ ... Completed in 34.501 seconds ]
[OK]

Sending GetMembershipCount to all servers... 
[Info] Server planetlab2.cs.ubc.ca:10145 replied with membership count = 20 (expected count = 20)
[Info] Server planetlab02.cs.washington.edu:10145 replied with membership count = 20 (expected count = 20)
[Info] Server planetlab1.cs.ubc.ca:10145 replied with membership count = 20 (expected count = 20)
[Info] Server planetlab-2.calpoly-netlab.net:10145 replied with membership count = 20 (expected count = 20)
[Info] Server planetlab3.cs.uoregon.edu:10145 replied with membership count = 20 (expected count = 20)
[Info] Server planetlab1.cs.uoregon.edu:10145 replied with membership count = 20 (expected count = 20)
[Info] Server planetlab1.dtc.umn.edu:10145 replied with membership count = 20 (expected count = 20)
[Info] Server planetlab2.dtc.umn.edu:10145 replied with membership count = 20 (expected count = 20)
[Info] Server planetlab-5.eecs.cwru.edu:10145 replied with membership count = 20 (expected count = 20)
[Info] Server node2.planetlab.mathcs.emory.edu:10145 replied with membership count = 20 (expected count = 20)
[Info] Server node1.planetlab.albany.edu:10145 replied with membership count = 20 (expected count = 20)
[Info] Server node1.planetlab.mathcs.emory.edu:10145 replied with membership count = 20 (expected count = 20)
[Info] Server planetlab1.temple.edu:10145 replied with membership count = 20 (expected count = 20)
[Info] Server salt.planetlab.cs.umd.edu:10145 replied with membership count = 20 (expected count = 20)
[Info] Server planetlab2.cs.unc.edu:10145 replied with membership count = 20 (expected count = 20)
[Info] Server plink.cs.uwaterloo.ca:10145 replied with membership count = 20 (expected count = 20)
[Info] Server pl1.rcc.uottawa.ca:10145 replied with membership count = 20 (expected count = 20)
[Info] Server planetlab2.citadel.edu:10145 replied with membership count = 20 (expected count = 20)
[Info] Server planetlab2.pop-pa.rnp.br:10145 replied with membership count = 20 (expected count = 20)
[Info] Server planetlab2.pop-mg.rnp.br:10145 replied with membership count = 20 (expected count = 20)
[ ... Completed in 0.213 seconds ]
[Ok] All servers returned the expected membership count (20)
Sending WIPE-OUT to all servers...
[ ... Completed in 0.235 seconds ]
[OK]
[Test isAlive] for planetlab1.cs.ubc.ca:10145

[ TEST Basic PUT/GET (PUT -> GET). Value Length = 8 Bytes ]
TEST_PASSED

[ TEST Basic PUT/GET (PUT -> GET). Value Length = 32 Bytes ]
TEST_PASSED

[ TEST Basic PUT/GET (PUT -> GET). Value Length = 512 Bytes ]
TEST_PASSED

[ TEST Basic PUT/GET (PUT -> GET). Value Length = 1024 Bytes ]
TEST_PASSED
Sending WIPE-OUT to all servers...
[ ... Completed in 0.245 seconds ]
[OK]


[ TEST Basic KVS with message version (PUT Version 1 -> GET -> PUT Version 2 -> GET). Value Length = 8 Bytes ]
TEST_PASSED


[ TEST Basic KVS with message version (PUT Version 1 -> GET -> PUT Version 2 -> GET). Value Length = 32 Bytes ]
TEST_PASSED


[ TEST Basic KVS with message version (PUT Version 1 -> GET -> PUT Version 2 -> GET). Value Length = 512 Bytes ]
TEST_PASSED


[ TEST Basic KVS with message version (PUT Version 1 -> GET -> PUT Version 2 -> GET). Value Length = 1024 Bytes ]
TEST_PASSED
Sending WIPE-OUT to all servers...
[ ... Completed in 0.237 seconds ]
[OK]

[ TEST Basic REMOVE (PUT -> GET -> REM -> GET). Value Length = 32 Bytes. ]
TEST_PASSED
Sending WIPE-OUT to all servers...
[ ... Completed in 0.225 seconds ]
[OK]

[ TEST Double remove (PUT -> REM -> REM). Value Length = 32 Bytes. ]
TEST_PASSED
Sending WIPE-OUT to all servers...
[ ... Completed in 0.245 seconds ]
[OK]

[ TEST Invalid Command. ]
TEST_PASSED
Sending WIPE-OUT to all servers...
[ ... Completed in 0.221 seconds ]
[OK]

[ TEST At-Most-Once Client Policy (PUT -> REM -> REM). Value length =  32 Bytes ]
TEST_PASSED
Sending WIPE-OUT to all servers...
[ ... Completed in 0.239 seconds ]
[OK]

[ TEST At-Most-Once Client Policy Empty REMs (EMPTY -> REM -> REM) ]
TEST_PASSED
Sending WIPE-OUT to all servers...
[ ... Completed in 0.222 seconds ]
[OK]

[ TEST At-Most-Once Client Policy Error Return Code (REM -> PUT -> REM) ]
TEST_PASSED
Sending WIPE-OUT to all servers...
[ ... Completed in 0.217 seconds ]
[OK]

[TEST Invalid Key ]
TEST_PASSED
Sending WIPE-OUT to all servers...
[ ... Completed in 0.23 seconds ]
[OK]

[TEST Invalid Value ]
TEST_PASSED
Sending WIPE-OUT to all servers...
[ ... Completed in 0.22 seconds ]
[OK]

[ TEST Multi Client Crash: PUT -> GET (closed loop) + REM -> WIPEOUT (closed loop) ]
[Test isAlive]
Test Passed. Server is ok.
TEST_PASSED
Sending WIPE-OUT to all servers...
[ ... Completed in 0.221 seconds ]
[OK]
[ ... TEST Completed in 16.64 seconds ]

[ TEST Random Front-End Basic (PUT -> GET -> REM -> REM -> GET). Value Length = 8 Bytes ]
TEST_PASSED

[ TEST Random Front-End Basic (PUT -> GET -> REM -> REM -> GET). Value Length = 32 Bytes ]
TEST_PASSED

[ TEST Random Front-End Basic (PUT -> GET -> REM -> REM -> GET). Value Length = 512 Bytes ]
TEST_PASSED

[ TEST Random Front-End Basic (PUT -> GET -> REM -> REM -> GET). Value Length = 1024 Bytes ]
TEST_PASSED
[ ... TEST Completed in 2.323 seconds ]
Sending WIPE-OUT to all servers...
[ ... Completed in 0.219 seconds ]
[OK]
[Info] Pausing for 10 seconds to wait for the cache to be cleared!

[ TEST Random Front-End Performance (1 clients, 60.0 seconds): PUT -> GET (closed loop) ]
[Test isAlive] for planetlab1.cs.ubc.ca:10145
[Test isAlive] for planetlab2.cs.ubc.ca:10145
[Test isAlive] for planetlab2.cs.unc.edu:10145
[Test isAlive] for planetlab-5.eecs.cwru.edu:10145
[Test isAlive] for planetlab2.pop-pa.rnp.br:10145
[Test isAlive] for plink.cs.uwaterloo.ca:10145
[Test isAlive] for node1.planetlab.albany.edu:10145
[Test isAlive] for planetlab1.temple.edu:10145
[Test isAlive] for salt.planetlab.cs.umd.edu:10145
[Test isAlive] for planetlab3.cs.uoregon.edu:10145
[Test isAlive] for planetlab02.cs.washington.edu:10145
[Test isAlive] for planetlab2.pop-mg.rnp.br:10145
[Test isAlive] for node2.planetlab.mathcs.emory.edu:10145
[Test isAlive] for planetlab2.citadel.edu:10145
[Test isAlive] for planetlab1.dtc.umn.edu:10145
[Test isAlive] for pl1.rcc.uottawa.ca:10145
[Test isAlive] for planetlab2.dtc.umn.edu:10145
[Test isAlive] for node1.planetlab.mathcs.emory.edu:10145
[Test isAlive] for planetlab-2.calpoly-netlab.net:10145
[Test isAlive] for planetlab1.cs.uoregon.edu:10145
[ ... Completed in 0.215 seconds ]
TEST_PASSED
Stage 1 Random Front-End: Test Status: TEST_PASSED
Clients: 1
Total Requests (without replies): 559
Total Requests (including replies): 657
Successful Responses: 559
Timeout Responses: 0
Total Failed Responses: 0
% Success: 100.0
% Timeout: 0.0
% Failed: 0.0
Response Time (Successful requests):
[max] 256ms, [min] 12ms
[avg] 104.3953488372093 ms, [stdev] 57.13805939718436ms
Throughput: 9.310459693537641 requests per second
Goodput: 9.310459693537641 requests per second
Retry Rate (Successful requests): 1.1753130590339893
Sending WIPE-OUT to all servers...
[ ... Completed in 0.235 seconds ]
[OK]
[ ... TEST Completed in 60.493 seconds ]
[Info] Pausing for 10 seconds to wait for the cache to be cleared!

[ TEST Random Front-End Performance (16 clients, 60.0 seconds): PUT -> GET (closed loop) ]
[Test isAlive] for planetlab1.cs.ubc.ca:10145
[Test isAlive] for planetlab2.cs.ubc.ca:10145
[Test isAlive] for planetlab2.cs.unc.edu:10145
[Test isAlive] for planetlab-5.eecs.cwru.edu:10145
[Test isAlive] for planetlab2.pop-pa.rnp.br:10145
[Test isAlive] for plink.cs.uwaterloo.ca:10145
[Test isAlive] for node1.planetlab.albany.edu:10145
[Test isAlive] for planetlab1.temple.edu:10145
[Test isAlive] for salt.planetlab.cs.umd.edu:10145
[Test isAlive] for planetlab3.cs.uoregon.edu:10145
[Test isAlive] for planetlab02.cs.washington.edu:10145
[Test isAlive] for planetlab2.pop-mg.rnp.br:10145
[Test isAlive] for node2.planetlab.mathcs.emory.edu:10145
[Test isAlive] for planetlab2.citadel.edu:10145
[Test isAlive] for planetlab1.dtc.umn.edu:10145
[Test isAlive] for pl1.rcc.uottawa.ca:10145
[Test isAlive] for planetlab2.dtc.umn.edu:10145
[Test isAlive] for node1.planetlab.mathcs.emory.edu:10145
[Test isAlive] for planetlab-2.calpoly-netlab.net:10145
[Test isAlive] for planetlab1.cs.uoregon.edu:10145
[ ... Completed in 0.407 seconds ]
TEST_PASSED
Stage 1 Random Front-End: Test Status: TEST_PASSED
Clients: 16
Total Requests (without replies): 7522
Total Requests (including replies): 9104
Successful Responses: 7495
Timeout Responses: 27
Total Failed Responses: 0
% Success: 99.64105291145972
% Timeout: 0.35894708854028184
% Failed: 0.0
Response Time (Successful requests):
[max] 4540ms, [min] 13ms
[avg] 107.48072048032022 ms, [stdev] 98.4853612106715ms
Throughput: 114.06648065024869 requests per second
Goodput: 113.65704233895427 requests per second
Retry Rate (Successful requests): 1.21031640521138
Sending WIPE-OUT to all servers...
[ ... Completed in 0.25 seconds ]
[OK]
[ ... TEST Completed in 66.613 seconds ]
[Info] Pausing for 10 seconds to wait for the cache to be cleared!

[ TEST Random Front-End Performance (256 clients, 60.0 seconds): PUT -> GET (closed loop) ]
[Test isAlive] for planetlab1.cs.ubc.ca:10145
[Test isAlive] for planetlab2.cs.ubc.ca:10145
[Test isAlive] for planetlab2.cs.unc.edu:10145
[Test isAlive] for planetlab-5.eecs.cwru.edu:10145
[Test isAlive] for planetlab2.pop-pa.rnp.br:10145
[Test isAlive] for plink.cs.uwaterloo.ca:10145
[Test isAlive] for node1.planetlab.albany.edu:10145
[Test isAlive] for planetlab1.temple.edu:10145
[Test isAlive] for salt.planetlab.cs.umd.edu:10145
[Test isAlive] for planetlab3.cs.uoregon.edu:10145
[Test isAlive] for planetlab02.cs.washington.edu:10145
[Test isAlive] for planetlab2.pop-mg.rnp.br:10145
[Test isAlive] for node2.planetlab.mathcs.emory.edu:10145
[Test isAlive] for planetlab2.citadel.edu:10145
[Test isAlive] for planetlab1.dtc.umn.edu:10145
[Test isAlive] for pl1.rcc.uottawa.ca:10145
[Test isAlive] for planetlab2.dtc.umn.edu:10145
[Test isAlive] for node1.planetlab.mathcs.emory.edu:10145
[Test isAlive] for planetlab-2.calpoly-netlab.net:10145
[Test isAlive] for planetlab1.cs.uoregon.edu:10145
[ ... Completed in 0.577 seconds ]
TEST_PASSED
[ CPU load (loadavg, last one minute) 0.04 ]
Stage 1 Random Front-End: Test Status: TEST_PASSED
Clients: 256
Total Requests (without replies): 48649
Total Requests (including replies): 65521
Successful Responses: 47129
Timeout Responses: 1520
Total Failed Responses: 0
% Success: 96.87557812082468
% Timeout: 3.124421879175317
% Failed: 0.0
Response Time (Successful requests):
[max] 4707ms, [min] 12ms
[avg] 129.165694158586 ms, [stdev] 266.0849562693572ms
Throughput: 732.1584444511333 requests per second
Goodput: 709.2827258224723 requests per second
Retry Rate (Successful requests): 1.3468108285884601
Sending WIPE-OUT to all servers...
[ ... Completed in 0.241 seconds ]
[OK]
[ ... TEST Completed in 67.312 seconds ]
[Info] Pausing for 10 seconds to wait for the cache to be cleared!

[ TEST Random Front-End Performance (512 clients, 60.0 seconds): PUT -> GET (closed loop) ]
[Test isAlive] for planetlab1.cs.ubc.ca:10145
[Test isAlive] for planetlab2.cs.ubc.ca:10145
[Test isAlive] for planetlab2.cs.unc.edu:10145
[Test isAlive] for planetlab-5.eecs.cwru.edu:10145
[Test isAlive] for planetlab2.pop-pa.rnp.br:10145
[Test isAlive] for plink.cs.uwaterloo.ca:10145
[Test isAlive] for planetlab1.temple.edu:10145
[Test isAlive] for node1.planetlab.albany.edu:10145
[Test isAlive] for salt.planetlab.cs.umd.edu:10145
[Test isAlive] for planetlab3.cs.uoregon.edu:10145
[Test isAlive] for planetlab2.pop-mg.rnp.br:10145
[Test isAlive] for planetlab02.cs.washington.edu:10145
[Test isAlive] for node2.planetlab.mathcs.emory.edu:10145
[Test isAlive] for planetlab2.citadel.edu:10145
[Test isAlive] for planetlab1.dtc.umn.edu:10145
[Test isAlive] for pl1.rcc.uottawa.ca:10145
[Test isAlive] for planetlab2.dtc.umn.edu:10145
[Test isAlive] for node1.planetlab.mathcs.emory.edu:10145
[Test isAlive] for planetlab-2.calpoly-netlab.net:10145
[Test isAlive] for planetlab1.cs.uoregon.edu:10145
[ ... Completed in 0.211 seconds ]
TEST_PASSED
[ CPU load (loadavg, last one minute) 0.01 ]
Stage 1 Random Front-End: Test Status: TEST_PASSED
Clients: 512
Total Requests (without replies): 81069
Total Requests (including replies): 112660
Successful Responses: 77672
Timeout Responses: 3397
Total Failed Responses: 0
% Success: 95.80974231827209
% Timeout: 4.1902576817279105
% Failed: 0.0
Response Time (Successful requests):
[max] 4663ms, [min] 11ms
[avg] 126.60575239468534 ms, [stdev] 236.21793519434206ms
Throughput: 1220.0918052524644 requests per second
Goodput: 1168.9668146587403 requests per second
Retry Rate (Successful requests): 1.3896803957122945
Sending WIPE-OUT to all servers...
[ ... Completed in 0.229 seconds ]
[OK]
[ ... TEST Completed in 66.942 seconds ]
[Info] Pausing for 10 seconds to wait for the cache to be cleared!

[ TEST Concurrent Store/Load v2; Stage 0; (Clients = 32, Limit = 40000 PUTs) ]
Issuing PUTS ... 
[DONE in 357.564s]
[Info] Concurrent Store/Load v2; Stage 0; PUT Phase; Of 40000 stored keys: 39317 SUCCESS, 683 TIMEOUT, 0 KEY-NOT-FOUND, 0 ERROR-UID, 0 ERROR-INVALID-GET (value or version), 0 ERROR-OTHER.
[Info] Concurrent Store/Load v2; Stage 0; PUT Phase; Expected Key Loss: 0.0%. Actual Key Loss: 1.7075%
[Info] Concurrent Store/Load v2; Stage 0; PUT Phase; Total Value Size (MiB): 18.639697074890137 MiB.
[Info] Concurrent Store/Load v2; Stage 0; PUT Phase; SUCCESS Response Count: 39317.0.
[Info] Concurrent Store/Load v2; Stage 0; PUT Phase; % SUCCESS: 98.2925%.
[Info] Concurrent Store/Load v2; Stage 0; PUT Phase; % FAILED (Not SUCCESS): 1.7075%.
[Info] Concurrent Store/Load v2; Stage 0; PUT Phase; % TIMEOUT: 1.7075%.
[Info] Concurrent Store/Load v2; Stage 0; PUT Phase; % KEY-NOT-FOUND: 0.0%.
[Info] Concurrent Store/Load v2; Stage 0; PUT Phase; % ERROR-UID: 0.0%.
[Info] Concurrent Store/Load v2; Stage 0; PUT Phase; % ERROR-INVALID-GET (value or version): 0.0%.
[Info] Concurrent Store/Load v2; Stage 0; PUT Phase; % ERROR-OTHER: 0.0%.
[Info] PUTs % SUCCESS Ok: 98.2925% Success.(90.0% minimum required).
Confirming keys were stored correctly.
Issuing GETs ... 
[DONE in 157.271s]
[Info] Concurrent Store/Load v2; Stage 0; GET Phase; Of 39317 stored keys: 39241 SUCCESS, 76 TIMEOUT, 0 KEY-NOT-FOUND, 0 ERROR-UID, 0 ERROR-INVALID-GET (value or version), 0 ERROR-OTHER.
[Info] Concurrent Store/Load v2; Stage 0; GET Phase; Expected Key Loss: 0.0%. Actual Key Loss: 0.1933006078795432%
[Info] Concurrent Store/Load v2; Stage 0; GET Phase; Total Value Size (MiB): 18.606310844421387 MiB.
[Info] Concurrent Store/Load v2; Stage 0; GET Phase; SUCCESS Response Count: 39241.0.
[Info] Concurrent Store/Load v2; Stage 0; GET Phase; % SUCCESS: 99.80669939212045%.
[Info] Concurrent Store/Load v2; Stage 0; GET Phase; % FAILED (Not SUCCESS): 0.1933006078795432%.
[Info] Concurrent Store/Load v2; Stage 0; GET Phase; % TIMEOUT: 0.1933006078795432%.
[Info] Concurrent Store/Load v2; Stage 0; GET Phase; % KEY-NOT-FOUND: 0.0%.
[Info] Concurrent Store/Load v2; Stage 0; GET Phase; % ERROR-UID: 0.0%.
[Info] Concurrent Store/Load v2; Stage 0; GET Phase; % ERROR-INVALID-GET (value or version): 0.0%.
[Info] Concurrent Store/Load v2; Stage 0; GET Phase; % ERROR-OTHER: 0.0%.
[Info] GETs % SUCCESS Ok: 99.80669939212045% Success.(90.0% minimum required).
Checking that 20 nodes are alive
[Test isAlive] for planetlab1.cs.ubc.ca:10145
[Test isAlive] for planetlab2.cs.ubc.ca:10145
[Test isAlive] for planetlab2.cs.unc.edu:10145
[Test isAlive] for planetlab-5.eecs.cwru.edu:10145
[Test isAlive] for planetlab2.pop-pa.rnp.br:10145
[Test isAlive] for plink.cs.uwaterloo.ca:10145
[Test isAlive] for node1.planetlab.albany.edu:10145
[Test isAlive] for planetlab1.temple.edu:10145
[Test isAlive] for salt.planetlab.cs.umd.edu:10145
[Test isAlive] for planetlab3.cs.uoregon.edu:10145
[Test isAlive] for planetlab02.cs.washington.edu:10145
[Test isAlive] for planetlab2.pop-mg.rnp.br:10145
[Test isAlive] for node2.planetlab.mathcs.emory.edu:10145
[Test isAlive] for planetlab1.dtc.umn.edu:10145
[Test isAlive] for pl1.rcc.uottawa.ca:10145
[Test isAlive] for planetlab2.citadel.edu:10145
[Test isAlive] for planetlab2.dtc.umn.edu:10145
[Test isAlive] for node1.planetlab.mathcs.emory.edu:10145
[Test isAlive] for planetlab-2.calpoly-netlab.net:10145
[Test isAlive] for planetlab1.cs.uoregon.edu:10145
[ ... Completed in 0.211 seconds ]
TEST_PASSED
[ ... TEST Completed in 515.046 seconds ]

[Info] Preparing for Stage 1 of the Suspend Test
[Info] To suspend 9 node(s) in Stage 1.
[Info] Will suspend planetlab-5.eecs.cwru.edu:10145
[Info] Will suspend planetlab1.cs.uoregon.edu:10145
[Info] Will suspend planetlab1.temple.edu:10145
[Info] Will keep alive node1.planetlab.albany.edu:10145
[Info] Will keep alive planetlab-2.calpoly-netlab.net:10145
[Info] Will keep alive planetlab2.pop-pa.rnp.br:10145
[Info] Will keep alive planetlab2.cs.unc.edu:10145
[Info] Will keep alive planetlab3.cs.uoregon.edu:10145
[Info] Will keep alive planetlab1.dtc.umn.edu:10145
[Info] Will keep alive planetlab1.cs.ubc.ca:10145
[Info] Will keep alive node1.planetlab.mathcs.emory.edu:10145
[Info] Will keep alive pl1.rcc.uottawa.ca:10145
[Info] Will keep alive node2.planetlab.mathcs.emory.edu:10145
[Info] Will keep alive planetlab2.dtc.umn.edu:10145
[Info] Will keep alive planetlab2.cs.ubc.ca:10145
[Info] Will keep alive plink.cs.uwaterloo.ca:10145
[Info] Will keep alive planetlab02.cs.washington.edu:10145
[Info] Will keep alive planetlab2.citadel.edu:10145
[Info] Will keep alive salt.planetlab.cs.umd.edu:10145
[Info] Will keep alive planetlab2.pop-mg.rnp.br:10145
Waiting 10 seconds before suspending nodes
[Info] Suspending 3 servers.
Server planetlab1.cs.uoregon.edu:10145 suspended
Server planetlab1.temple.edu:10145 suspended
Server planetlab-5.eecs.cwru.edu:10145 suspended
[ ... Completed in 4.202 seconds ]
Waiting 90 seconds after suspending nodes
[Info] Stage 1 Scenario: Alive Nodes: 17. Dead Nodes: 3
[Info] Will suspend node1.planetlab.albany.edu:10145
[Info] Will suspend planetlab-2.calpoly-netlab.net:10145
[Info] Will suspend planetlab2.pop-pa.rnp.br:10145
[Info] Will keep alive planetlab2.cs.unc.edu:10145
[Info] Will keep alive planetlab3.cs.uoregon.edu:10145
[Info] Will keep alive planetlab1.dtc.umn.edu:10145
[Info] Will keep alive planetlab1.cs.ubc.ca:10145
[Info] Will keep alive node1.planetlab.mathcs.emory.edu:10145
[Info] Will keep alive pl1.rcc.uottawa.ca:10145
[Info] Will keep alive node2.planetlab.mathcs.emory.edu:10145
[Info] Will keep alive planetlab2.dtc.umn.edu:10145
[Info] Will keep alive planetlab2.cs.ubc.ca:10145
[Info] Will keep alive plink.cs.uwaterloo.ca:10145
[Info] Will keep alive planetlab02.cs.washington.edu:10145
[Info] Will keep alive planetlab2.citadel.edu:10145
[Info] Will keep alive salt.planetlab.cs.umd.edu:10145
[Info] Will keep alive planetlab2.pop-mg.rnp.br:10145
Waiting 10 seconds before suspending nodes
[Info] Suspending 3 servers.
Server node1.planetlab.albany.edu:10145 suspended
Server planetlab-2.calpoly-netlab.net:10145 suspended
Server planetlab2.pop-pa.rnp.br:10145 suspended
[ ... Completed in 4.816 seconds ]
Waiting 90 seconds after suspending nodes
[Info] Stage 1 Scenario: Alive Nodes: 14. Dead Nodes: 6
[Info] Will suspend planetlab2.cs.unc.edu:10145
[Info] Will suspend planetlab3.cs.uoregon.edu:10145
[Info] Will suspend planetlab1.dtc.umn.edu:10145
[Info] Will keep alive planetlab1.cs.ubc.ca:10145
[Info] Will keep alive node1.planetlab.mathcs.emory.edu:10145
[Info] Will keep alive pl1.rcc.uottawa.ca:10145
[Info] Will keep alive node2.planetlab.mathcs.emory.edu:10145
[Info] Will keep alive planetlab2.dtc.umn.edu:10145
[Info] Will keep alive planetlab2.cs.ubc.ca:10145
[Info] Will keep alive plink.cs.uwaterloo.ca:10145
[Info] Will keep alive planetlab02.cs.washington.edu:10145
[Info] Will keep alive planetlab2.citadel.edu:10145
[Info] Will keep alive salt.planetlab.cs.umd.edu:10145
[Info] Will keep alive planetlab2.pop-mg.rnp.br:10145
Waiting 10 seconds before suspending nodes
[Info] Suspending 3 servers.
Server planetlab1.dtc.umn.edu:10145 suspended
Server planetlab2.cs.unc.edu:10145 suspended
Server planetlab3.cs.uoregon.edu:10145 suspended
[ ... Completed in 3.356 seconds ]
Waiting 90 seconds after suspending nodes
[Info] Stage 1 Scenario: Alive Nodes: 11. Dead Nodes: 9


[ TEST Suspend Verify v2; Stage 1; Key Recovery; ]
Checking that 9 nodes are suspended
[Test isAlive] for planetlab-5.eecs.cwru.edu:10145
[Test isAlive] for planetlab1.cs.uoregon.edu:10145
[Test isAlive] for planetlab1.temple.edu:10145
[Test isAlive] for node1.planetlab.albany.edu:10145
[Test isAlive] for planetlab-2.calpoly-netlab.net:10145
[Test isAlive] for planetlab2.pop-pa.rnp.br:10145
[Test isAlive] for planetlab2.cs.unc.edu:10145
[Test isAlive] for planetlab3.cs.uoregon.edu:10145
[Test isAlive] for planetlab1.dtc.umn.edu:10145
[ ... Completed in 64.717 seconds ]
Checking that 11 nodes are alive
[Test isAlive] for node1.planetlab.mathcs.emory.edu:10145
[Test isAlive] for planetlab1.cs.ubc.ca:10145
[Test isAlive] for planetlab2.dtc.umn.edu:10145
[Test isAlive] for pl1.rcc.uottawa.ca:10145
[Test isAlive] for planetlab2.cs.ubc.ca:10145
[Test isAlive] for node2.planetlab.mathcs.emory.edu:10145
[Test isAlive] for plink.cs.uwaterloo.ca:10145
[Test isAlive] for planetlab02.cs.washington.edu:10145
[Test isAlive] for planetlab2.citadel.edu:10145
[Test isAlive] for salt.planetlab.cs.umd.edu:10145
[Test isAlive] for planetlab2.pop-mg.rnp.br:10145
[ ... Completed in 0.209 seconds ]
Sending GetMembershipCount to all servers... 
[Info] Server planetlab1.cs.ubc.ca:10145 replied with membership count = 11 (expected count = 11)
[Info] Server planetlab2.cs.ubc.ca:10145 replied with membership count = 11 (expected count = 11)
[Info] Server planetlab02.cs.washington.edu:10145 replied with membership count = 11 (expected count = 11)
[Info] Server planetlab2.dtc.umn.edu:10145 replied with membership count = 11 (expected count = 11)
[Info] Server node1.planetlab.mathcs.emory.edu:10145 replied with membership count = 11 (expected count = 11)
[Info] Server node2.planetlab.mathcs.emory.edu:10145 replied with membership count = 11 (expected count = 11)
[Info] Server salt.planetlab.cs.umd.edu:10145 replied with membership count = 11 (expected count = 11)
[Info] Server plink.cs.uwaterloo.ca:10145 replied with membership count = 11 (expected count = 11)
[Info] Server pl1.rcc.uottawa.ca:10145 replied with membership count = 11 (expected count = 11)
[Info] Server planetlab2.citadel.edu:10145 replied with membership count = 11 (expected count = 11)
[Info] Server planetlab2.pop-mg.rnp.br:10145 replied with membership count = 11 (expected count = 11)
[ ... Completed in 0.204 seconds ]
[Ok] All servers returned the expected membership count (11)
Attempting retrieval of keys... 
Issuing GETs ... 
[DONE in 125.587s]
[Info] Suspend Verify v2; Stage 1; Key Recovery; Of 39317 stored keys: 37428 SUCCESS, 0 TIMEOUT, 1889 KEY-NOT-FOUND, 0 ERROR-UID, 0 ERROR-INVALID-GET (value or version), 0 ERROR-OTHER.
[Info] Suspend Verify v2; Stage 1; Key Recovery; Expected Key Loss: 45.0%. Actual Key Loss: 4.8045374774270675%
[Info] Suspend Verify v2; Stage 1; Key Recovery; Total Value Size (MiB): 17.750537872314453 MiB.
[Info] Suspend Verify v2; Stage 1; Key Recovery; SUCCESS Response Count: 37428.0.
[Info] Suspend Verify v2; Stage 1; Key Recovery; % SUCCESS: 95.19546252257294%.
[Info] Suspend Verify v2; Stage 1; Key Recovery; % FAILED (Not SUCCESS): 4.8045374774270675%.
[Info] Suspend Verify v2; Stage 1; Key Recovery; % TIMEOUT: 0.0%.
[Info] Suspend Verify v2; Stage 1; Key Recovery; % KEY-NOT-FOUND: 4.8045374774270675%.
[Info] Suspend Verify v2; Stage 1; Key Recovery; % ERROR-UID: 0.0%.
[Info] Suspend Verify v2; Stage 1; Key Recovery; % ERROR-INVALID-GET (value or version): 0.0%.
[Info] Suspend Verify v2; Stage 1; Key Recovery; % ERROR-OTHER: 0.0%.
[Info] Minimum GET SUCCESS % Ok: 95.19546252257294% Success.(55.0% SUCCESS expected, 27.5% minimum required).
TEST_PASSED
[ ... TEST Completed in 190.717 seconds ]

[Info] Preparing for Stage 2a of the Suspend/Resume Test
[Info] Stage 2a Scenario: Alive Nodes: 11. Dead Nodes: 9

[ TEST Concurrent Store/Load v2; Stage 2a; (Clients = 32, Limit = 20000 PUTs) ]
Issuing PUTS ... 
[DONE in 61.772s]
[Info] Concurrent Store/Load v2; Stage 2a; PUT Phase; Of 20000 stored keys: 20000 SUCCESS, 0 TIMEOUT, 0 KEY-NOT-FOUND, 0 ERROR-UID, 0 ERROR-INVALID-GET (value or version), 0 ERROR-OTHER.
[Info] Concurrent Store/Load v2; Stage 2a; PUT Phase; Expected Key Loss: 0.0%. Actual Key Loss: 0.0%
[Info] Concurrent Store/Load v2; Stage 2a; PUT Phase; Total Value Size (MiB): 9.503171920776367 MiB.
[Info] Concurrent Store/Load v2; Stage 2a; PUT Phase; SUCCESS Response Count: 20000.0.
[Info] Concurrent Store/Load v2; Stage 2a; PUT Phase; % SUCCESS: 100.0%.
[Info] Concurrent Store/Load v2; Stage 2a; PUT Phase; % FAILED (Not SUCCESS): 0.0%.
[Info] Concurrent Store/Load v2; Stage 2a; PUT Phase; % TIMEOUT: 0.0%.
[Info] Concurrent Store/Load v2; Stage 2a; PUT Phase; % KEY-NOT-FOUND: 0.0%.
[Info] Concurrent Store/Load v2; Stage 2a; PUT Phase; % ERROR-UID: 0.0%.
[Info] Concurrent Store/Load v2; Stage 2a; PUT Phase; % ERROR-INVALID-GET (value or version): 0.0%.
[Info] Concurrent Store/Load v2; Stage 2a; PUT Phase; % ERROR-OTHER: 0.0%.
[Info] PUTs % SUCCESS Ok: 100.0% Success.(90.0% minimum required).
Confirming keys were stored correctly.
Issuing GETs ... 
[DONE in 62.377s]
[Info] Concurrent Store/Load v2; Stage 2a; GET Phase; Of 20000 stored keys: 20000 SUCCESS, 0 TIMEOUT, 0 KEY-NOT-FOUND, 0 ERROR-UID, 0 ERROR-INVALID-GET (value or version), 0 ERROR-OTHER.
[Info] Concurrent Store/Load v2; Stage 2a; GET Phase; Expected Key Loss: 0.0%. Actual Key Loss: 0.0%
[Info] Concurrent Store/Load v2; Stage 2a; GET Phase; Total Value Size (MiB): 9.503171920776367 MiB.
[Info] Concurrent Store/Load v2; Stage 2a; GET Phase; SUCCESS Response Count: 20000.0.
[Info] Concurrent Store/Load v2; Stage 2a; GET Phase; % SUCCESS: 100.0%.
[Info] Concurrent Store/Load v2; Stage 2a; GET Phase; % FAILED (Not SUCCESS): 0.0%.
[Info] Concurrent Store/Load v2; Stage 2a; GET Phase; % TIMEOUT: 0.0%.
[Info] Concurrent Store/Load v2; Stage 2a; GET Phase; % KEY-NOT-FOUND: 0.0%.
[Info] Concurrent Store/Load v2; Stage 2a; GET Phase; % ERROR-UID: 0.0%.
[Info] Concurrent Store/Load v2; Stage 2a; GET Phase; % ERROR-INVALID-GET (value or version): 0.0%.
[Info] Concurrent Store/Load v2; Stage 2a; GET Phase; % ERROR-OTHER: 0.0%.
[Info] GETs % SUCCESS Ok: 100.0% Success.(90.0% minimum required).
Checking that 11 nodes are alive
[Test isAlive] for planetlab1.cs.ubc.ca:10145
[Test isAlive] for node1.planetlab.mathcs.emory.edu:10145
[Test isAlive] for pl1.rcc.uottawa.ca:10145
[Test isAlive] for planetlab2.dtc.umn.edu:10145
[Test isAlive] for node2.planetlab.mathcs.emory.edu:10145
[Test isAlive] for planetlab02.cs.washington.edu:10145
[Test isAlive] for planetlab2.citadel.edu:10145
[Test isAlive] for plink.cs.uwaterloo.ca:10145
[Test isAlive] for planetlab2.cs.ubc.ca:10145
[Test isAlive] for salt.planetlab.cs.umd.edu:10145
[Test isAlive] for planetlab2.pop-mg.rnp.br:10145
[ ... Completed in 0.208 seconds ]
TEST_PASSED
[ ... TEST Completed in 124.358 seconds ]

[Info] Preparing for Stage 2b of the Suspend/Resume Test
[Info] To resume 7 node(s) in Stage 2a.
[Info] Will resume planetlab1.cs.uoregon.edu:10145
[Info] Will resume planetlab2.cs.unc.edu:10145
[Info] Will resume planetlab2.pop-pa.rnp.br:10145
[Info] Will resume planetlab1.dtc.umn.edu:10145
[Info] Will resume planetlab3.cs.uoregon.edu:10145
[Info] Will resume planetlab1.temple.edu:10145
[Info] Will resume planetlab-5.eecs.cwru.edu:10145
[Info] Will keep suspended node1.planetlab.albany.edu:10145
[Info] Will keep suspended planetlab-2.calpoly-netlab.net:10145
Waiting 10 seconds before resuming nodes
[Info] Resuming 7 servers.
Server planetlab1.cs.uoregon.edu:10145 resumed
Server planetlab2.cs.unc.edu:10145 resumed
Server planetlab2.pop-pa.rnp.br:10145 resumed
Server planetlab1.dtc.umn.edu:10145 resumed
Server planetlab3.cs.uoregon.edu:10145 resumed
Server planetlab1.temple.edu:10145 resumed
Server planetlab-5.eecs.cwru.edu:10145 resumed
[ ... Completed in 10.112 seconds ]
Waiting 90 seconds after resuming nodes
[Info] Stage 2b Scenario: Alive Nodes: 18. Dead Nodes: 2


[ TEST Suspend Verify v2; Stage 2b; Key Recovery; ]
Checking that 2 nodes are suspended
[Test isAlive] for node1.planetlab.albany.edu:10145
[Test isAlive] for planetlab-2.calpoly-netlab.net:10145
[ ... Completed in 64.645 seconds ]
Checking that 18 nodes are alive
[Test isAlive] for planetlab1.cs.uoregon.edu:10145
[Test isAlive] for planetlab2.cs.unc.edu:10145
[Test isAlive] for planetlab2.pop-pa.rnp.br:10145
[Test isAlive] for planetlab1.dtc.umn.edu:10145
[Test isAlive] for planetlab1.temple.edu:10145
[Test isAlive] for planetlab-5.eecs.cwru.edu:10145
[Test isAlive] for planetlab3.cs.uoregon.edu:10145
[Test isAlive] for planetlab2.citadel.edu:10145
[Test isAlive] for planetlab2.cs.ubc.ca:10145
[Test isAlive] for plink.cs.uwaterloo.ca:10145
[Test isAlive] for planetlab2.dtc.umn.edu:10145
[Test isAlive] for planetlab1.cs.ubc.ca:10145
[Test isAlive] for salt.planetlab.cs.umd.edu:10145
[Test isAlive] for planetlab02.cs.washington.edu:10145
[Test isAlive] for node1.planetlab.mathcs.emory.edu:10145
[Test isAlive] for planetlab2.pop-mg.rnp.br:10145
[Test isAlive] for node2.planetlab.mathcs.emory.edu:10145
[Test isAlive] for pl1.rcc.uottawa.ca:10145
[ ... Completed in 0.205 seconds ]
Sending GetMembershipCount to all servers... 
[Info] Server planetlab1.cs.ubc.ca:10145 replied with membership count = 18 (expected count = 18)
[Info] Server planetlab2.cs.ubc.ca:10145 replied with membership count = 18 (expected count = 18)
[Info] Server planetlab02.cs.washington.edu:10145 replied with membership count = 18 (expected count = 18)
[Info] Server planetlab3.cs.uoregon.edu:10145 replied with membership count = 18 (expected count = 18)
[Info] Server planetlab1.cs.uoregon.edu:10145 replied with membership count = 18 (expected count = 18)
[Info] Server planetlab1.dtc.umn.edu:10145 replied with membership count = 18 (expected count = 18)
[Info] Server planetlab2.dtc.umn.edu:10145 replied with membership count = 18 (expected count = 18)
[Info] Server planetlab-5.eecs.cwru.edu:10145 replied with membership count = 18 (expected count = 18)
[Info] Server node2.planetlab.mathcs.emory.edu:10145 replied with membership count = 18 (expected count = 18)
[Info] Server node1.planetlab.mathcs.emory.edu:10145 replied with membership count = 18 (expected count = 18)
[Info] Server planetlab1.temple.edu:10145 replied with membership count = 18 (expected count = 18)
[Info] Server salt.planetlab.cs.umd.edu:10145 replied with membership count = 18 (expected count = 18)
[Info] Server planetlab2.cs.unc.edu:10145 replied with membership count = 18 (expected count = 18)
[Info] Server plink.cs.uwaterloo.ca:10145 replied with membership count = 18 (expected count = 18)
[Info] Server planetlab2.citadel.edu:10145 replied with membership count = 18 (expected count = 18)
[Info] Server pl1.rcc.uottawa.ca:10145 replied with membership count = 18 (expected count = 18)
[Info] Server planetlab2.pop-pa.rnp.br:10145 replied with membership count = 18 (expected count = 18)
[Info] Server planetlab2.pop-mg.rnp.br:10145 replied with membership count = 18 (expected count = 18)
[ ... Completed in 0.204 seconds ]
[Ok] All servers returned the expected membership count (18)
Attempting retrieval of keys... 
Issuing GETs ... 
[DONE in 133.263s]
[Info] Suspend Verify v2; Stage 2b; Key Recovery; Of 39317 stored keys: 39314 SUCCESS, 0 TIMEOUT, 3 KEY-NOT-FOUND, 0 ERROR-UID, 0 ERROR-INVALID-GET (value or version), 0 ERROR-OTHER.
[Info] Suspend Verify v2; Stage 2b; Key Recovery; Expected Key Loss: 10.0%. Actual Key Loss: 0.007630287153139863%
[Info] Suspend Verify v2; Stage 2b; Key Recovery; Total Value Size (MiB): 18.638145446777344 MiB.
[Info] Suspend Verify v2; Stage 2b; Key Recovery; SUCCESS Response Count: 39314.0.
[Info] Suspend Verify v2; Stage 2b; Key Recovery; % SUCCESS: 99.99236971284687%.
[Info] Suspend Verify v2; Stage 2b; Key Recovery; % FAILED (Not SUCCESS): 0.007630287153139863%.
[Info] Suspend Verify v2; Stage 2b; Key Recovery; % TIMEOUT: 0.0%.
[Info] Suspend Verify v2; Stage 2b; Key Recovery; % KEY-NOT-FOUND: 0.007630287153139863%.
[Info] Suspend Verify v2; Stage 2b; Key Recovery; % ERROR-UID: 0.0%.
[Info] Suspend Verify v2; Stage 2b; Key Recovery; % ERROR-INVALID-GET (value or version): 0.0%.
[Info] Suspend Verify v2; Stage 2b; Key Recovery; % ERROR-OTHER: 0.0%.
[Info] Minimum GET SUCCESS % Ok: 99.99236971284687% Success.(90.0% SUCCESS expected, 45.0% minimum required).
TEST_PASSED
[ ... TEST Completed in 198.319 seconds ]

[Info] Preparing for Stage 2c of the Suspend/Resume Test
[Info] Stage 2c Scenario: Alive Nodes: 18. Dead Nodes: 2


[ TEST Suspend Verify v2; Stage 2c; Key Recovery; ]
Checking that 2 nodes are suspended
[Test isAlive] for node1.planetlab.albany.edu:10145
[Test isAlive] for planetlab-2.calpoly-netlab.net:10145
[ ... Completed in 64.574 seconds ]
Checking that 18 nodes are alive
[Test isAlive] for planetlab1.cs.uoregon.edu:10145
[Test isAlive] for planetlab1.dtc.umn.edu:10145
[Test isAlive] for planetlab2.cs.unc.edu:10145
[Test isAlive] for planetlab2.pop-pa.rnp.br:10145
[Test isAlive] for planetlab3.cs.uoregon.edu:10145
[Test isAlive] for planetlab1.temple.edu:10145
[Test isAlive] for plink.cs.uwaterloo.ca:10145
[Test isAlive] for planetlab02.cs.washington.edu:10145
[Test isAlive] for planetlab-5.eecs.cwru.edu:10145
[Test isAlive] for salt.planetlab.cs.umd.edu:10145
[Test isAlive] for planetlab2.cs.ubc.ca:10145
[Test isAlive] for node2.planetlab.mathcs.emory.edu:10145
[Test isAlive] for planetlab2.citadel.edu:10145
[Test isAlive] for pl1.rcc.uottawa.ca:10145
[Test isAlive] for planetlab2.pop-mg.rnp.br:10145
[Test isAlive] for planetlab2.dtc.umn.edu:10145
[Test isAlive] for planetlab1.cs.ubc.ca:10145
[Test isAlive] for node1.planetlab.mathcs.emory.edu:10145
[ ... Completed in 0.896 seconds ]
Sending GetMembershipCount to all servers... 
[Info] Server planetlab2.cs.ubc.ca:10145 replied with membership count = 18 (expected count = 18)
[Info] Server planetlab1.cs.ubc.ca:10145 replied with membership count = 18 (expected count = 18)
[Info] Server planetlab02.cs.washington.edu:10145 replied with membership count = 18 (expected count = 18)
[Info] Server planetlab1.cs.uoregon.edu:10145 replied with membership count = 18 (expected count = 18)
[Info] Server planetlab3.cs.uoregon.edu:10145 replied with membership count = 18 (expected count = 18)
[Info] Server planetlab1.dtc.umn.edu:10145 replied with membership count = 18 (expected count = 18)
[Info] Server planetlab2.dtc.umn.edu:10145 replied with membership count = 18 (expected count = 18)
[Info] Server planetlab-5.eecs.cwru.edu:10145 replied with membership count = 18 (expected count = 18)
[Info] Server node2.planetlab.mathcs.emory.edu:10145 replied with membership count = 18 (expected count = 18)
[Info] Server node1.planetlab.mathcs.emory.edu:10145 replied with membership count = 18 (expected count = 18)
[Info] Server planetlab1.temple.edu:10145 replied with membership count = 18 (expected count = 18)
[Info] Server planetlab2.cs.unc.edu:10145 replied with membership count = 18 (expected count = 18)
[Info] Server plink.cs.uwaterloo.ca:10145 replied with membership count = 18 (expected count = 18)
[Info] Server salt.planetlab.cs.umd.edu:10145 replied with membership count = 18 (expected count = 18)
[Info] Server planetlab2.citadel.edu:10145 replied with membership count = 18 (expected count = 18)
[Info] Server pl1.rcc.uottawa.ca:10145 replied with membership count = 18 (expected count = 18)
[Info] Server planetlab2.pop-pa.rnp.br:10145 replied with membership count = 18 (expected count = 18)
[Info] Server planetlab2.pop-mg.rnp.br:10145 replied with membership count = 18 (expected count = 18)
[ ... Completed in 0.207 seconds ]
[Ok] All servers returned the expected membership count (18)
Attempting retrieval of keys... 
Issuing GETs ... 
[DONE in 68.826s]
[Info] Suspend Verify v2; Stage 2c; Key Recovery; Of 20000 stored keys: 13048 SUCCESS, 0 TIMEOUT, 6952 KEY-NOT-FOUND, 0 ERROR-UID, 0 ERROR-INVALID-GET (value or version), 0 ERROR-OTHER.
[Info] Suspend Verify v2; Stage 2c; Key Recovery; Expected Key Loss: 0.0%. Actual Key Loss: 34.76%
[Info] Suspend Verify v2; Stage 2c; Key Recovery; Total Value Size (MiB): 6.226147651672363 MiB.
[Info] Suspend Verify v2; Stage 2c; Key Recovery; SUCCESS Response Count: 13048.0.
[Info] Suspend Verify v2; Stage 2c; Key Recovery; % SUCCESS: 65.24%.
[Info] Suspend Verify v2; Stage 2c; Key Recovery; % FAILED (Not SUCCESS): 34.76%.
[Info] Suspend Verify v2; Stage 2c; Key Recovery; % TIMEOUT: 0.0%.
[Info] Suspend Verify v2; Stage 2c; Key Recovery; % KEY-NOT-FOUND: 34.76%.
[Info] Suspend Verify v2; Stage 2c; Key Recovery; % ERROR-UID: 0.0%.
[Info] Suspend Verify v2; Stage 2c; Key Recovery; % ERROR-INVALID-GET (value or version): 0.0%.
[Info] Suspend Verify v2; Stage 2c; Key Recovery; % ERROR-OTHER: 0.0%.
[Info] Minimum GET SUCCESS % Ok: 65.24% Success.(100.0% SUCCESS expected, 50.0% minimum required).
TEST_PASSED
[ ... TEST Completed in 134.503 seconds ]
Sending WIPE-OUT to all servers...
[ ... Completed in 0.288 seconds ]
[OK]
[ ... TEST Completed in 0.288 seconds ]
Pausing for 10 seconds to wait for the cache to be cleared!

Sending GetMembershipCount to all servers... 
[Info] Server planetlab1.cs.ubc.ca:10145 replied with membership count = 18 (expected count = 18)
[Info] Server planetlab2.cs.ubc.ca:10145 replied with membership count = 18 (expected count = 18)
[Info] Server planetlab02.cs.washington.edu:10145 replied with membership count = 18 (expected count = 18)
[Info] Server planetlab1.cs.uoregon.edu:10145 replied with membership count = 18 (expected count = 18)
[Info] Server planetlab3.cs.uoregon.edu:10145 replied with membership count = 18 (expected count = 18)
[Info] Server planetlab2.dtc.umn.edu:10145 replied with membership count = 18 (expected count = 18)
[Info] Server planetlab1.dtc.umn.edu:10145 replied with membership count = 18 (expected count = 18)
[Info] Server planetlab-5.eecs.cwru.edu:10145 replied with membership count = 18 (expected count = 18)
[Info] Server node2.planetlab.mathcs.emory.edu:10145 replied with membership count = 18 (expected count = 18)
[Info] Server node1.planetlab.mathcs.emory.edu:10145 replied with membership count = 18 (expected count = 18)
[Info] Server planetlab1.temple.edu:10145 replied with membership count = 18 (expected count = 18)
[Info] Server planetlab2.cs.unc.edu:10145 replied with membership count = 18 (expected count = 18)
[Info] Server salt.planetlab.cs.umd.edu:10145 replied with membership count = 18 (expected count = 18)
[Info] Server plink.cs.uwaterloo.ca:10145 replied with membership count = 18 (expected count = 18)
[Info] Server pl1.rcc.uottawa.ca:10145 replied with membership count = 18 (expected count = 18)
[Info] Server planetlab2.citadel.edu:10145 replied with membership count = 18 (expected count = 18)
[Info] Server planetlab2.pop-pa.rnp.br:10145 replied with membership count = 18 (expected count = 18)
[Info] Server planetlab2.pop-mg.rnp.br:10145 replied with membership count = 18 (expected count = 18)
[ ... Completed in 0.22 seconds ]
[Ok] All servers returned the expected membership count (18)
[ ... TEST Completed in 0.22 seconds ]

[ TEST Random Front-End Basic (PUT -> GET -> REM -> REM -> GET). Value Length = 8 Bytes ]
TEST_PASSED

[ TEST Random Front-End Basic (PUT -> GET -> REM -> REM -> GET). Value Length = 32 Bytes ]
TEST_PASSED

[ TEST Random Front-End Basic (PUT -> GET -> REM -> REM -> GET). Value Length = 512 Bytes ]
TEST_PASSED

[ TEST Random Front-End Basic (PUT -> GET -> REM -> REM -> GET). Value Length = 1024 Bytes ]
TEST_PASSED
[ ... TEST Completed in 1.932 seconds ]
Sending WIPE-OUT to all servers...
[ ... Completed in 0.222 seconds ]
[OK]

[ TEST Random Front-End Performance (1 clients, 60.0 seconds): PUT -> GET (closed loop) ]
[Test isAlive] for planetlab1.cs.uoregon.edu:10145
[Test isAlive] for planetlab2.cs.unc.edu:10145
[Test isAlive] for planetlab2.pop-pa.rnp.br:10145
[Test isAlive] for planetlab1.dtc.umn.edu:10145
[Test isAlive] for planetlab3.cs.uoregon.edu:10145
[Test isAlive] for planetlab-5.eecs.cwru.edu:10145
[Test isAlive] for planetlab2.citadel.edu:10145
[Test isAlive] for plink.cs.uwaterloo.ca:10145
[Test isAlive] for node2.planetlab.mathcs.emory.edu:10145
[Test isAlive] for salt.planetlab.cs.umd.edu:10145
[Test isAlive] for planetlab02.cs.washington.edu:10145
[Test isAlive] for planetlab2.cs.ubc.ca:10145
[Test isAlive] for planetlab2.pop-mg.rnp.br:10145
[Test isAlive] for pl1.rcc.uottawa.ca:10145
[Test isAlive] for planetlab1.cs.ubc.ca:10145
[Test isAlive] for planetlab2.dtc.umn.edu:10145
[Test isAlive] for planetlab1.temple.edu:10145
[Test isAlive] for node1.planetlab.mathcs.emory.edu:10145
[ ... Completed in 0.216 seconds ]
TEST_PASSED
Stage 2 Random Front-End: Test Status: TEST_PASSED
Clients: 1
Total Requests (without replies): 564
Total Requests (including replies): 671
Successful Responses: 564
Timeout Responses: 0
Total Failed Responses: 0
% Success: 100.0
% Timeout: 0.0
% Failed: 0.0
Response Time (Successful requests):
[max] 272ms, [min] 13ms
[avg] 105.72163120567376 ms, [stdev] 58.8292289986297ms
Throughput: 9.39014035262974 requests per second
Goodput: 9.39014035262974 requests per second
Retry Rate (Successful requests): 1.1897163120567376
Sending WIPE-OUT to all servers...
[ ... Completed in 0.237 seconds ]
[OK]
[ ... TEST Completed in 60.517 seconds ]
[Info] Pausing for 10 seconds to wait for the cache to be cleared!

[ TEST Random Front-End Performance (16 clients, 60.0 seconds): PUT -> GET (closed loop) ]
[Test isAlive] for planetlab1.cs.uoregon.edu:10145
[Test isAlive] for planetlab2.cs.unc.edu:10145
[Test isAlive] for planetlab2.pop-pa.rnp.br:10145
[Test isAlive] for planetlab1.dtc.umn.edu:10145
[Test isAlive] for planetlab3.cs.uoregon.edu:10145
[Test isAlive] for planetlab1.temple.edu:10145
[Test isAlive] for planetlab-5.eecs.cwru.edu:10145
[Test isAlive] for salt.planetlab.cs.umd.edu:10145
[Test isAlive] for planetlab2.cs.ubc.ca:10145
[Test isAlive] for planetlab02.cs.washington.edu:10145
[Test isAlive] for plink.cs.uwaterloo.ca:10145
[Test isAlive] for node2.planetlab.mathcs.emory.edu:10145
[Test isAlive] for planetlab2.citadel.edu:10145
[Test isAlive] for pl1.rcc.uottawa.ca:10145
[Test isAlive] for planetlab2.pop-mg.rnp.br:10145
[Test isAlive] for planetlab2.dtc.umn.edu:10145
[Test isAlive] for planetlab1.cs.ubc.ca:10145
[Test isAlive] for node1.planetlab.mathcs.emory.edu:10145
[ ... Completed in 0.24 seconds ]
TEST_PASSED
Stage 2 Random Front-End: Test Status: TEST_PASSED
Clients: 16
Total Requests (without replies): 8907
Total Requests (including replies): 10807
Successful Responses: 8907
Timeout Responses: 0
Total Failed Responses: 0
% Success: 100.0
% Timeout: 0.0
% Failed: 0.0
Response Time (Successful requests):
[max] 825ms, [min] 12ms
[avg] 107.80285168968227 ms, [stdev] 64.21871992436692ms
Throughput: 147.84138629309342 requests per second
Goodput: 147.84138629309342 requests per second
Retry Rate (Successful requests): 1.21331536993376
Sending WIPE-OUT to all servers...
[ ... Completed in 0.23 seconds ]
[OK]
[ ... TEST Completed in 60.72 seconds ]
[Info] Pausing for 10 seconds to wait for the cache to be cleared!

[ TEST Random Front-End Performance (256 clients, 60.0 seconds): PUT -> GET (closed loop) ]
[Test isAlive] for planetlab1.cs.uoregon.edu:10145
[Test isAlive] for planetlab2.cs.unc.edu:10145
[Test isAlive] for planetlab2.pop-pa.rnp.br:10145
[Test isAlive] for planetlab1.dtc.umn.edu:10145
[Test isAlive] for planetlab3.cs.uoregon.edu:10145
[Test isAlive] for planetlab1.temple.edu:10145
[Test isAlive] for planetlab-5.eecs.cwru.edu:10145
[Test isAlive] for salt.planetlab.cs.umd.edu:10145
[Test isAlive] for planetlab2.cs.ubc.ca:10145
[Test isAlive] for planetlab02.cs.washington.edu:10145
[Test isAlive] for plink.cs.uwaterloo.ca:10145
[Test isAlive] for node2.planetlab.mathcs.emory.edu:10145
[Test isAlive] for planetlab2.citadel.edu:10145
[Test isAlive] for pl1.rcc.uottawa.ca:10145
[Test isAlive] for planetlab2.pop-mg.rnp.br:10145
[Test isAlive] for planetlab2.dtc.umn.edu:10145
[Test isAlive] for planetlab1.cs.ubc.ca:10145
[Test isAlive] for node1.planetlab.mathcs.emory.edu:10145
[ ... Completed in 0.215 seconds ]
TEST_PASSED
[ CPU load (loadavg, last one minute) 0.14 ]
Stage 2 Random Front-End: Test Status: TEST_PASSED
Clients: 256
Total Requests (without replies): 93139
Total Requests (including replies): 116235
Successful Responses: 92386
Timeout Responses: 753
Total Failed Responses: 0
% Success: 99.19153093763086
% Timeout: 0.8084690623691472
% Failed: 0.0
Response Time (Successful requests):
[max] 4705ms, [min] 12ms
[avg] 115.96513541012708 ms, [stdev] 153.77128343899196ms
Throughput: 1468.4671901113109 requests per second
Goodput: 1456.5950871882194 requests per second
Retry Rate (Successful requests): 1.2479734590236098
Sending WIPE-OUT to all servers...
[ ... Completed in 0.251 seconds ]
[OK]
[ ... TEST Completed in 63.929 seconds ]
[Info] Pausing for 10 seconds to wait for the cache to be cleared!

[ TEST Random Front-End Performance (512 clients, 60.0 seconds): PUT -> GET (closed loop) ]
[Test isAlive] for planetlab2.cs.unc.edu:10145
[Test isAlive] for planetlab3.cs.uoregon.edu:10145
[Test isAlive] for planetlab1.cs.uoregon.edu:10145
[Test isAlive] for planetlab2.pop-pa.rnp.br:10145
[Test isAlive] for planetlab1.dtc.umn.edu:10145
[Test isAlive] for planetlab1.temple.edu:10145
[Test isAlive] for planetlab-5.eecs.cwru.edu:10145
[Test isAlive] for salt.planetlab.cs.umd.edu:10145
[Test isAlive] for planetlab2.cs.ubc.ca:10145
[Test isAlive] for planetlab02.cs.washington.edu:10145
[Test isAlive] for plink.cs.uwaterloo.ca:10145
[Test isAlive] for planetlab2.citadel.edu:10145
[Test isAlive] for node2.planetlab.mathcs.emory.edu:10145
[Test isAlive] for planetlab2.dtc.umn.edu:10145
[Test isAlive] for pl1.rcc.uottawa.ca:10145
[Test isAlive] for planetlab2.pop-mg.rnp.br:10145
[Test isAlive] for node1.planetlab.mathcs.emory.edu:10145
[Test isAlive] for planetlab1.cs.ubc.ca:10145
[ ... Completed in 0.208 seconds ]
TEST_PASSED
[ CPU load (loadavg, last one minute) 0.21 ]
Stage 2 Random Front-End: Test Status: TEST_PASSED
Clients: 512
Total Requests (without replies): 133585
Total Requests (including replies): 181060
Successful Responses: 131762
Timeout Responses: 1822
Total Failed Responses: 1
% Success: 98.63532582251001
% Timeout: 1.3639255904480294
% Failed: 7.485870419583037E-4
Response Time (Successful requests):
[max] 4956ms, [min] 12ms
[avg] 145.56337183710022 ms, [stdev] 239.65726805879456ms
Throughput: 2095.5824679195557 requests per second
Goodput: 2066.98459511185 requests per second
Retry Rate (Successful requests): 1.3553916981697047
Sending WIPE-OUT to all servers...
[ ... Completed in 0.223 seconds ]
[OK]
[ ... TEST Completed in 64.254 seconds ]
[Info] Pausing for 10 seconds to wait for the cache to be cleared!

[Test isAlive] for node1.planetlab.albany.edu:10145
[Test isAlive] for planetlab-2.calpoly-netlab.net:10145
[ ... Completed in 64.569 seconds ]

Results Summary:
Client AWS Instance Type : c5.large
Client Local Hostname : ip-172-31-36-38
Client Local IP : ip-172-31-36-38/172.31.36.38
Concurrent Store/Load v2; Stage 0; : 2.0
Concurrent Store/Load v2; Stage 0; GET Phase; % ERROR-INVALID-GET (value or version) : 0.0
Concurrent Store/Load v2; Stage 0; GET Phase; % ERROR-OTHER : 0.0
Concurrent Store/Load v2; Stage 0; GET Phase; % ERROR-UID : 0.0
Concurrent Store/Load v2; Stage 0; GET Phase; % FAILED (Not SUCCESS) : 0.1933006078795432
Concurrent Store/Load v2; Stage 0; GET Phase; % KEY-NOT-FOUND : 0.0
Concurrent Store/Load v2; Stage 0; GET Phase; % SUCCESS : 99.80669939212045
Concurrent Store/Load v2; Stage 0; GET Phase; % TIMEOUT : 0.1933006078795432
Concurrent Store/Load v2; Stage 0; GET Phase; SUCCESS Response Count : 39241.0
Concurrent Store/Load v2; Stage 0; GET Phase; Total Value Size (MiB) : 18.606310844421387
Concurrent Store/Load v2; Stage 0; PUT Phase; % ERROR-INVALID-GET (value or version) : 0.0
Concurrent Store/Load v2; Stage 0; PUT Phase; % ERROR-OTHER : 0.0
Concurrent Store/Load v2; Stage 0; PUT Phase; % ERROR-UID : 0.0
Concurrent Store/Load v2; Stage 0; PUT Phase; % FAILED (Not SUCCESS) : 1.7075
Concurrent Store/Load v2; Stage 0; PUT Phase; % KEY-NOT-FOUND : 0.0
Concurrent Store/Load v2; Stage 0; PUT Phase; % SUCCESS : 98.2925
Concurrent Store/Load v2; Stage 0; PUT Phase; % TIMEOUT : 1.7075
Concurrent Store/Load v2; Stage 0; PUT Phase; SUCCESS Response Count : 39317.0
Concurrent Store/Load v2; Stage 0; PUT Phase; Total Value Size (MiB) : 18.639697074890137
Concurrent Store/Load v2; Stage 2a; : 2.0
Concurrent Store/Load v2; Stage 2a; GET Phase; % ERROR-INVALID-GET (value or version) : 0.0
Concurrent Store/Load v2; Stage 2a; GET Phase; % ERROR-OTHER : 0.0
Concurrent Store/Load v2; Stage 2a; GET Phase; % ERROR-UID : 0.0
Concurrent Store/Load v2; Stage 2a; GET Phase; % FAILED (Not SUCCESS) : 0.0
Concurrent Store/Load v2; Stage 2a; GET Phase; % KEY-NOT-FOUND : 0.0
Concurrent Store/Load v2; Stage 2a; GET Phase; % SUCCESS : 100.0
Concurrent Store/Load v2; Stage 2a; GET Phase; % TIMEOUT : 0.0
Concurrent Store/Load v2; Stage 2a; GET Phase; SUCCESS Response Count : 20000.0
Concurrent Store/Load v2; Stage 2a; GET Phase; Total Value Size (MiB) : 9.503171920776367
Concurrent Store/Load v2; Stage 2a; PUT Phase; % ERROR-INVALID-GET (value or version) : 0.0
Concurrent Store/Load v2; Stage 2a; PUT Phase; % ERROR-OTHER : 0.0
Concurrent Store/Load v2; Stage 2a; PUT Phase; % ERROR-UID : 0.0
Concurrent Store/Load v2; Stage 2a; PUT Phase; % FAILED (Not SUCCESS) : 0.0
Concurrent Store/Load v2; Stage 2a; PUT Phase; % KEY-NOT-FOUND : 0.0
Concurrent Store/Load v2; Stage 2a; PUT Phase; % SUCCESS : 100.0
Concurrent Store/Load v2; Stage 2a; PUT Phase; % TIMEOUT : 0.0
Concurrent Store/Load v2; Stage 2a; PUT Phase; SUCCESS Response Count : 20000.0
Concurrent Store/Load v2; Stage 2a; PUT Phase; Total Value Size (MiB) : 9.503171920776367
Local At-Most-Once Policy : 2.0
Local At-Most-Once Policy Empty REMs : 2.0
Local At-Most-Once Policy Error Return Code : 2.0
Local Basic PUT GET  : 2.0
Local Client Capacity Test : 2.0
Local Double PUT with version : 2.0
Local Double Remove : 2.0
Local Invalid Command : 2.0
Local Invalid Key Test : 2.0
Local Invalid Value Test : 2.0
Local Remove Operation : 2.0
Local Shutdown Test : 2.0
Local Single node: 1 Client(s) % Failed : 0.005171961713049942
Local Single node: 1 Client(s) % Success : 99.99482803828695
Local Single node: 1 Client(s) % Timeout : 0.0
Local Single node: 1 Client(s) Average Response Time (ms) : 1.0
Local Single node: 1 Client(s) Goodput (Requests per Second) : 13856.0
Local Single node: 1 Client(s) Maximum Response Time (ms) : 11.0
Local Single node: 1 Client(s) STDEV Response Time (ms) : 1.0
Local Single node: 1 Client(s) Successful Responses : 831363
Local Single node: 1 Client(s) Throughput (Requests per Second) : 13857.0
Local Single node: 1 Client(s) Timeout Responses : 0
Local Single node: 1 Client(s) Total Failed Responses : 43
Local Single node: 1 Client(s) Total Requests (including retries) : 831406
Local Single node: 1 Client(s) Total Requests (without retries) : 831406
Local Single node: 16 Client(s) % Failed : 0.004884124154436006
Local Single node: 16 Client(s) % Success : 99.99511587584557
Local Single node: 16 Client(s) % Timeout : 0.0
Local Single node: 16 Client(s) Average Response Time (ms) : 1.0
Local Single node: 16 Client(s) Goodput (Requests per Second) : 19108.0
Local Single node: 16 Client(s) Maximum Response Time (ms) : 670.0
Local Single node: 16 Client(s) STDEV Response Time (ms) : 7.0
Local Single node: 16 Client(s) Successful Responses : 1146516
Local Single node: 16 Client(s) Throughput (Requests per Second) : 19109.0
Local Single node: 16 Client(s) Timeout Responses : 0
Local Single node: 16 Client(s) Total Failed Responses : 56
Local Single node: 16 Client(s) Total Requests (including retries) : 1146572
Local Single node: 16 Client(s) Total Requests (without retries) : 1146572
Local Single node: 64 Client(s) % Failed : 0.004953704973254416
Local Single node: 64 Client(s) % Success : 99.99504629502674
Local Single node: 64 Client(s) % Timeout : 0.0
Local Single node: 64 Client(s) Average Response Time (ms) : 4.0
Local Single node: 64 Client(s) Goodput (Requests per Second) : 18838.0
Local Single node: 64 Client(s) Maximum Response Time (ms) : 379.0
Local Single node: 64 Client(s) STDEV Response Time (ms) : 12.0
Local Single node: 64 Client(s) Successful Responses : 1130411
Local Single node: 64 Client(s) Throughput (Requests per Second) : 18839.0
Local Single node: 64 Client(s) Timeout Responses : 0
Local Single node: 64 Client(s) Total Failed Responses : 56
Local Single node: 64 Client(s) Total Requests (including retries) : 1130467
Local Single node: 64 Client(s) Total Requests (without retries) : 1130467
Server Count : 20
Server List : planetlab1.cs.ubc.ca_10145_planetlab2.cs.ubc.ca_10145_planetlab2.cs.unc.edu_10145_planetlab-5.eecs.cwru.edu_10145_planetlab2.pop-pa.rnp.br_10145_plink.cs.uwaterloo.ca_10145_node1.planetlab.albany.edu_10145_planetlab1.temple.edu_10145_salt.planetlab.cs.umd.edu_10145_planetlab3.cs.uoregon.edu_10145_planetlab02.cs.washington.edu_10145_planetlab2.pop-mg.rnp.br_10145_node2.planetlab.mathcs.emory.edu_10145_planetlab2.citadel.edu_10145_planetlab1.dtc.umn.edu_10145_pl1.rcc.uottawa.ca_10145_planetlab2.dtc.umn.edu_10145_node1.planetlab.mathcs.emory.edu_10145_planetlab-2.calpoly-netlab.net_10145_planetlab1.cs.uoregon.edu_10145_
Single Client Capacity (MiB) for value size of 500 : 24.0
Single Front Node (At-Most-Once) Policy : 2.0
Single Front Node At-Most-Once Policy Empty REMs : 2.0
Single Front Node At-Most-Once Policy Error Return Code : 2.0
Single Front Node Basic PUT GET  : 2.0
Single Front Node Double PUT with version : 2.0
Single Front Node Double Remove : 2.0
Single Front Node Invalid Command : 2.0
Single Front Node Invalid Key Test : 2.0
Single Front Node Invalid Value Test : 2.0
Single Front Node Multi-Client Crash : 2.0
Single Front Node Remove Operation : 2.0
Stage 1 Random Front-End Basic : 2.0
Stage 1 Random Front-End: 1 Client(s) % Failed : 0.0
Stage 1 Random Front-End: 1 Client(s) % Success : 100.0
Stage 1 Random Front-End: 1 Client(s) % Timeout : 0.0
Stage 1 Random Front-End: 1 Client(s) Average Response Time (ms) : 105.0
Stage 1 Random Front-End: 1 Client(s) Goodput (Requests per Second) : 10.0
Stage 1 Random Front-End: 1 Client(s) Maximum Response Time (ms) : 256.0
Stage 1 Random Front-End: 1 Client(s) STDEV Response Time (ms) : 58.0
Stage 1 Random Front-End: 1 Client(s) Successful Responses : 559
Stage 1 Random Front-End: 1 Client(s) Throughput (Requests per Second) : 10.0
Stage 1 Random Front-End: 1 Client(s) Timeout Responses : 0
Stage 1 Random Front-End: 1 Client(s) Total Failed Responses : 0
Stage 1 Random Front-End: 1 Client(s) Total Requests (including replies) : 657
Stage 1 Random Front-End: 1 Client(s) Total Requests (without replies) : 559
Stage 1 Random Front-End: 16 Client(s) % Failed : 0.0
Stage 1 Random Front-End: 16 Client(s) % Success : 99.64105291145972
Stage 1 Random Front-End: 16 Client(s) % Timeout : 0.35894708854028184
Stage 1 Random Front-End: 16 Client(s) Average Response Time (ms) : 108.0
Stage 1 Random Front-End: 16 Client(s) Goodput (Requests per Second) : 114.0
Stage 1 Random Front-End: 16 Client(s) Maximum Response Time (ms) : 4540.0
Stage 1 Random Front-End: 16 Client(s) STDEV Response Time (ms) : 99.0
Stage 1 Random Front-End: 16 Client(s) Successful Responses : 7495
Stage 1 Random Front-End: 16 Client(s) Throughput (Requests per Second) : 115.0
Stage 1 Random Front-End: 16 Client(s) Timeout Responses : 27
Stage 1 Random Front-End: 16 Client(s) Total Failed Responses : 0
Stage 1 Random Front-End: 16 Client(s) Total Requests (including replies) : 9104
Stage 1 Random Front-End: 16 Client(s) Total Requests (without replies) : 7522
Stage 1 Random Front-End: 256 Client(s) % Failed : 0.0
Stage 1 Random Front-End: 256 Client(s) % Success : 96.87557812082468
Stage 1 Random Front-End: 256 Client(s) % Timeout : 3.124421879175317
Stage 1 Random Front-End: 256 Client(s) Average Response Time (ms) : 130.0
Stage 1 Random Front-End: 256 Client(s) CPU load (loadavg - last one minute) : 0.04
Stage 1 Random Front-End: 256 Client(s) Goodput (Requests per Second) : 710.0
Stage 1 Random Front-End: 256 Client(s) Maximum Response Time (ms) : 4707.0
Stage 1 Random Front-End: 256 Client(s) STDEV Response Time (ms) : 267.0
Stage 1 Random Front-End: 256 Client(s) Successful Responses : 47129
Stage 1 Random Front-End: 256 Client(s) Throughput (Requests per Second) : 733.0
Stage 1 Random Front-End: 256 Client(s) Timeout Responses : 1520
Stage 1 Random Front-End: 256 Client(s) Total Failed Responses : 0
Stage 1 Random Front-End: 256 Client(s) Total Requests (including replies) : 65521
Stage 1 Random Front-End: 256 Client(s) Total Requests (without replies) : 48649
Stage 1 Random Front-End: 512 Client(s) % Failed : 0.0
Stage 1 Random Front-End: 512 Client(s) % Success : 95.80974231827209
Stage 1 Random Front-End: 512 Client(s) % Timeout : 4.1902576817279105
Stage 1 Random Front-End: 512 Client(s) Average Response Time (ms) : 127.0
Stage 1 Random Front-End: 512 Client(s) CPU load (loadavg - last one minute) : 0.01
Stage 1 Random Front-End: 512 Client(s) Goodput (Requests per Second) : 1169.0
Stage 1 Random Front-End: 512 Client(s) Maximum Response Time (ms) : 4663.0
Stage 1 Random Front-End: 512 Client(s) STDEV Response Time (ms) : 237.0
Stage 1 Random Front-End: 512 Client(s) Successful Responses : 77672
Stage 1 Random Front-End: 512 Client(s) Throughput (Requests per Second) : 1221.0
Stage 1 Random Front-End: 512 Client(s) Timeout Responses : 3397
Stage 1 Random Front-End: 512 Client(s) Total Failed Responses : 0
Stage 1 Random Front-End: 512 Client(s) Total Requests (including replies) : 112660
Stage 1 Random Front-End: 512 Client(s) Total Requests (without replies) : 81069
Stage 1 Suspend Node Count : 9
Stage 2 Distributed Shutdown Honoured : 2.0
Stage 2 Random Front-End Basic : 2.0
Stage 2 Random Front-End: 1 Client(s) % Failed : 0.0
Stage 2 Random Front-End: 1 Client(s) % Success : 100.0
Stage 2 Random Front-End: 1 Client(s) % Timeout : 0.0
Stage 2 Random Front-End: 1 Client(s) Average Response Time (ms) : 106.0
Stage 2 Random Front-End: 1 Client(s) Goodput (Requests per Second) : 10.0
Stage 2 Random Front-End: 1 Client(s) Maximum Response Time (ms) : 272.0
Stage 2 Random Front-End: 1 Client(s) STDEV Response Time (ms) : 59.0
Stage 2 Random Front-End: 1 Client(s) Successful Responses : 564
Stage 2 Random Front-End: 1 Client(s) Throughput (Requests per Second) : 10.0
Stage 2 Random Front-End: 1 Client(s) Timeout Responses : 0
Stage 2 Random Front-End: 1 Client(s) Total Failed Responses : 0
Stage 2 Random Front-End: 1 Client(s) Total Requests (including replies) : 671
Stage 2 Random Front-End: 1 Client(s) Total Requests (without replies) : 564
Stage 2 Random Front-End: 16 Client(s) % Failed : 0.0
Stage 2 Random Front-End: 16 Client(s) % Success : 100.0
Stage 2 Random Front-End: 16 Client(s) % Timeout : 0.0
Stage 2 Random Front-End: 16 Client(s) Average Response Time (ms) : 108.0
Stage 2 Random Front-End: 16 Client(s) Goodput (Requests per Second) : 148.0
Stage 2 Random Front-End: 16 Client(s) Maximum Response Time (ms) : 825.0
Stage 2 Random Front-End: 16 Client(s) STDEV Response Time (ms) : 65.0
Stage 2 Random Front-End: 16 Client(s) Successful Responses : 8907
Stage 2 Random Front-End: 16 Client(s) Throughput (Requests per Second) : 148.0
Stage 2 Random Front-End: 16 Client(s) Timeout Responses : 0
Stage 2 Random Front-End: 16 Client(s) Total Failed Responses : 0
Stage 2 Random Front-End: 16 Client(s) Total Requests (including replies) : 10807
Stage 2 Random Front-End: 16 Client(s) Total Requests (without replies) : 8907
Stage 2 Random Front-End: 256 Client(s) % Failed : 0.0
Stage 2 Random Front-End: 256 Client(s) % Success : 99.19153093763086
Stage 2 Random Front-End: 256 Client(s) % Timeout : 0.8084690623691472
Stage 2 Random Front-End: 256 Client(s) Average Response Time (ms) : 116.0
Stage 2 Random Front-End: 256 Client(s) CPU load (loadavg - last one minute) : 0.14
Stage 2 Random Front-End: 256 Client(s) Goodput (Requests per Second) : 1457.0
Stage 2 Random Front-End: 256 Client(s) Maximum Response Time (ms) : 4705.0
Stage 2 Random Front-End: 256 Client(s) STDEV Response Time (ms) : 154.0
Stage 2 Random Front-End: 256 Client(s) Successful Responses : 92386
Stage 2 Random Front-End: 256 Client(s) Throughput (Requests per Second) : 1469.0
Stage 2 Random Front-End: 256 Client(s) Timeout Responses : 753
Stage 2 Random Front-End: 256 Client(s) Total Failed Responses : 0
Stage 2 Random Front-End: 256 Client(s) Total Requests (including replies) : 116235
Stage 2 Random Front-End: 256 Client(s) Total Requests (without replies) : 93139
Stage 2 Random Front-End: 512 Client(s) % Failed : 7.485870419583037E-4
Stage 2 Random Front-End: 512 Client(s) % Success : 98.63532582251001
Stage 2 Random Front-End: 512 Client(s) % Timeout : 1.3639255904480294
Stage 2 Random Front-End: 512 Client(s) Average Response Time (ms) : 146.0
Stage 2 Random Front-End: 512 Client(s) CPU load (loadavg - last one minute) : 0.21
Stage 2 Random Front-End: 512 Client(s) Goodput (Requests per Second) : 2067.0
Stage 2 Random Front-End: 512 Client(s) Maximum Response Time (ms) : 4956.0
Stage 2 Random Front-End: 512 Client(s) STDEV Response Time (ms) : 240.0
Stage 2 Random Front-End: 512 Client(s) Successful Responses : 131762
Stage 2 Random Front-End: 512 Client(s) Throughput (Requests per Second) : 2096.0
Stage 2 Random Front-End: 512 Client(s) Timeout Responses : 1822
Stage 2 Random Front-End: 512 Client(s) Total Failed Responses : 1
Stage 2 Random Front-End: 512 Client(s) Total Requests (including replies) : 181060
Stage 2 Random Front-End: 512 Client(s) Total Requests (without replies) : 133585
Stage 2 Resumed Node Count : 7
Suspend Verify v2; Stage 1; Key Recovery; : 2.0
Suspend Verify v2; Stage 1; Key Recovery; % ERROR-INVALID-GET (value or version) : 0.0
Suspend Verify v2; Stage 1; Key Recovery; % ERROR-OTHER : 0.0
Suspend Verify v2; Stage 1; Key Recovery; % ERROR-UID : 0.0
Suspend Verify v2; Stage 1; Key Recovery; % FAILED (Not SUCCESS) : 4.8045374774270675
Suspend Verify v2; Stage 1; Key Recovery; % KEY-NOT-FOUND : 4.8045374774270675
Suspend Verify v2; Stage 1; Key Recovery; % SUCCESS : 95.19546252257294
Suspend Verify v2; Stage 1; Key Recovery; % TIMEOUT : 0.0
Suspend Verify v2; Stage 1; Key Recovery; SUCCESS Response Count : 37428.0
Suspend Verify v2; Stage 1; Key Recovery; Total Value Size (MiB) : 17.750537872314453
Suspend Verify v2; Stage 2b; Key Recovery; : 2.0
Suspend Verify v2; Stage 2b; Key Recovery; % ERROR-INVALID-GET (value or version) : 0.0
Suspend Verify v2; Stage 2b; Key Recovery; % ERROR-OTHER : 0.0
Suspend Verify v2; Stage 2b; Key Recovery; % ERROR-UID : 0.0
Suspend Verify v2; Stage 2b; Key Recovery; % FAILED (Not SUCCESS) : 0.007630287153139863
Suspend Verify v2; Stage 2b; Key Recovery; % KEY-NOT-FOUND : 0.007630287153139863
Suspend Verify v2; Stage 2b; Key Recovery; % SUCCESS : 99.99236971284687
Suspend Verify v2; Stage 2b; Key Recovery; % TIMEOUT : 0.0
Suspend Verify v2; Stage 2b; Key Recovery; SUCCESS Response Count : 39314.0
Suspend Verify v2; Stage 2b; Key Recovery; Total Value Size (MiB) : 18.638145446777344
Suspend Verify v2; Stage 2c; Key Recovery; : 2.0
Suspend Verify v2; Stage 2c; Key Recovery; % ERROR-INVALID-GET (value or version) : 0.0
Suspend Verify v2; Stage 2c; Key Recovery; % ERROR-OTHER : 0.0
Suspend Verify v2; Stage 2c; Key Recovery; % ERROR-UID : 0.0
Suspend Verify v2; Stage 2c; Key Recovery; % FAILED (Not SUCCESS) : 34.76
Suspend Verify v2; Stage 2c; Key Recovery; % KEY-NOT-FOUND : 34.76
Suspend Verify v2; Stage 2c; Key Recovery; % SUCCESS : 65.24
Suspend Verify v2; Stage 2c; Key Recovery; % TIMEOUT : 0.0
Suspend Verify v2; Stage 2c; Key Recovery; SUCCESS Response Count : 13048.0
Suspend Verify v2; Stage 2c; Key Recovery; Total Value Size (MiB) : 6.226147651672363
Test Start Time : Sat Mar 16 10:13:03 UTC 2019
Result Verification Code : 10953614938F08F77A4A03FD0D934B4E
[Info] Number of collected result fields: 251
[Info] Submission Successful!
[Info] Results server is up. Secret is valid.
[Info] Results successfully submitted.
[Info] Completed A10 Tests.

[TA-Note] Resuming any remaining dead nodes (so you do not have to redeploy your service)!
Waiting 10 seconds before resuming nodes
[Info] Resuming 2 servers.
Server node1.planetlab.albany.edu:10145 resumed
Server planetlab-2.calpoly-netlab.net:10145 resumed
[ ... Completed in 1.991 seconds ]

Testing completed in 2600.17s
